{"/Users/andelarwanda/Documents/My-Brand/src/buildScripts/testSetup.js":{"path":"/Users/andelarwanda/Documents/My-Brand/src/buildScripts/testSetup.js","statementMap":{"0":{"start":{"line":1,"column":0},"end":{"line":1,"column":29}},"1":{"start":{"line":2,"column":0},"end":{"line":2,"column":26}}},"fnMap":{},"branchMap":{},"s":{"0":1,"1":1},"f":{},"b":{},"_coverageSchema":"1a1c01bbd47fc00a2c39e90264f33305004495a9","hash":"e034a71329e9cfe6220f4b1a13b79e16a695d5f0","contentHash":"5e4bf5283ca115e677565afb1077871f0b8a988e436705510828855d40ee7db3"},"/Users/andelarwanda/Documents/My-Brand/src/models/Article.js":{"path":"/Users/andelarwanda/Documents/My-Brand/src/models/Article.js","statementMap":{"0":{"start":{"line":3,"column":15},"end":{"line":3,"column":34}},"1":{"start":{"line":5,"column":10},"end":{"line":5,"column":30}},"2":{"start":{"line":7,"column":13},"end":{"line":30,"column":2}},"3":{"start":{"line":31,"column":14},"end":{"line":31,"column":47}},"4":{"start":{"line":33,"column":22},"end":{"line":40,"column":1}},"5":{"start":{"line":34,"column":15},"end":{"line":38,"column":4}},"6":{"start":{"line":39,"column":2},"end":{"line":39,"column":34}},"7":{"start":{"line":42,"column":0},"end":{"line":45,"column":2}}},"fnMap":{"0":{"name":"validateArticle","decl":{"start":{"line":33,"column":31},"end":{"line":33,"column":46}},"loc":{"start":{"line":33,"column":56},"end":{"line":40,"column":1}},"line":33}},"branchMap":{},"s":{"0":1,"1":1,"2":1,"3":1,"4":1,"5":0,"6":0,"7":1},"f":{"0":0},"b":{},"inputSourceMap":{"version":3,"sources":["Article.js"],"names":["mongoose","require","Joi","schema","Schema","heading","type","String","required","content","image","userId","date","Date","now","versionKey","Article","model","validateArticle","article","object","string","min","max","validate","module","exports"],"mappings":";;AAAA,IAAMA,QAAQ,GAAGC,OAAO,CAAC,UAAD,CAAxB;;AACA,IAAMC,GAAG,GAAGD,OAAO,CAAC,WAAD,CAAnB;;AAGC,IAAME,MAAM,GAAG,IAAIH,QAAQ,CAACI,MAAb,CAAoB;AAC/BC,EAAAA,OAAO,EAAC;AAACC,IAAAA,IAAI,EAACC,MAAN;AAAcC,IAAAA,QAAQ,EAAC;AAAvB,GADuB;AAE/BC,EAAAA,OAAO,EAAC;AAACH,IAAAA,IAAI,EAAEC,MAAP;AAAgBC,IAAAA,QAAQ,EAAE;AAA1B,GAFuB;AAG/BE,EAAAA,KAAK,EAAC;AAACJ,IAAAA,IAAI,EAAEC,MAAP;AAAeC,IAAAA,QAAQ,EAAE;AAAzB,GAHyB;AAI/BG,EAAAA,MAAM,EAAC;AAACL,IAAAA,IAAI,EAACC,MAAN;AAAaC,IAAAA,QAAQ,EAAC;AAAtB,GAJwB;AAK/BI,EAAAA,IAAI,EAAC;AAACN,IAAAA,IAAI,EAACO,IAAN;AAAY,eAASA,IAAI,CAACC;AAA1B;AAL0B,CAApB,EAMb;AACEC,EAAAA,UAAU,EAAC;AADb,CANa,CAAf;AAWD,IAAMC,OAAO,GAAGhB,QAAQ,CAACiB,KAAT,CAAe,SAAf,EAAyBd,MAAzB,CAAhB;;AAEA,IAAMe,eAAe,GAAG,SAAlBA,eAAkB,CAACC,OAAD,EAAa;AACrC,MAAMhB,MAAM,GAAGD,GAAG,CAACkB,MAAJ,CAAW;AACpBf,IAAAA,OAAO,EAACH,GAAG,CAACmB,MAAJ,GAAaC,GAAb,CAAiB,EAAjB,EAAqBC,GAArB,CAAyB,GAAzB,EAA8Bf,QAA9B,EADY;AAEpBC,IAAAA,OAAO,EAACP,GAAG,CAACmB,MAAJ,GAAaC,GAAb,CAAiB,EAAjB,EAAqBC,GAArB,CAAyB,IAAzB,EAA+Bf,QAA/B,EAFY;AAGpBE,IAAAA,KAAK,EAAER,GAAG,CAACmB,MAAJ;AAHa,GAAX,CAAf;AAME,SAAOlB,MAAM,CAACqB,QAAP,CAAgBL,OAAhB,CAAP;AACD,CARD;;AAUAM,MAAM,CAACC,OAAP,GAAiB;AACfV,EAAAA,OAAO,EAAPA,OADe;AAEfE,EAAAA,eAAe,EAAfA;AAFe,CAAjB","sourceRoot":"/Users/andelarwanda/Documents/My-Brand/src/models/","sourcesContent":["const mongoose = require(\"mongoose\");\nconst Joi = require('@hapi/joi')\n\n\n const schema = new mongoose.Schema({\n     heading:{type:String, required:true},\n     content:{type: String , required: true},\n     image:{type: String, required: true},\n     userId:{type:String,required:true},\n     date:{type:Date, default: Date.now},\n },{\n     versionKey:false\n })\n\n\nconst Article = mongoose.model(\"Article\",schema);\n\nconst validateArticle = (article) => {\nconst schema = Joi.object({\n      heading:Joi.string().min(20).max(200).required(),\n      content:Joi.string().min(30).max(1000).required(),\n      image: Joi.string(),\n  })\n\n  return schema.validate(article)\n}\n\nmodule.exports = {\n  Article,\n  validateArticle,\n}"]},"_coverageSchema":"1a1c01bbd47fc00a2c39e90264f33305004495a9","hash":"0140fd9855bd66cbf302338023fd53fd83fd0663","contentHash":"1a67b5434db1e568d3da0da4b9942326884d2bda8bca25dcba0c536e3c1e720a"},"/Users/andelarwanda/Documents/My-Brand/src/models/Query.js":{"path":"/Users/andelarwanda/Documents/My-Brand/src/models/Query.js","statementMap":{"0":{"start":{"line":3,"column":15},"end":{"line":3,"column":34}},"1":{"start":{"line":5,"column":10},"end":{"line":5,"column":30}},"2":{"start":{"line":7,"column":13},"end":{"line":30,"column":2}},"3":{"start":{"line":31,"column":12},"end":{"line":31,"column":43}},"4":{"start":{"line":33,"column":20},"end":{"line":41,"column":1}},"5":{"start":{"line":34,"column":15},"end":{"line":39,"column":4}},"6":{"start":{"line":40,"column":2},"end":{"line":40,"column":32}},"7":{"start":{"line":43,"column":0},"end":{"line":46,"column":2}}},"fnMap":{"0":{"name":"validateQuery","decl":{"start":{"line":33,"column":29},"end":{"line":33,"column":42}},"loc":{"start":{"line":33,"column":50},"end":{"line":41,"column":1}},"line":33}},"branchMap":{},"s":{"0":1,"1":1,"2":1,"3":1,"4":1,"5":0,"6":0,"7":1},"f":{"0":0},"b":{},"inputSourceMap":{"version":3,"sources":["Query.js"],"names":["mongoose","require","Joi","schema","Schema","name","type","String","required","email","date","Date","now","subject","message","versionKey","Query","model","validateQuery","query","object","username","string","min","max","validate","module","exports"],"mappings":";;AAAA,IAAMA,QAAQ,GAAGC,OAAO,CAAC,UAAD,CAAxB;;AACA,IAAMC,GAAG,GAAGD,OAAO,CAAC,WAAD,CAAnB;;AAEA,IAAME,MAAM,GAAG,IAAIH,QAAQ,CAACI,MAAb,CAAoB;AAC/BC,EAAAA,IAAI,EAAE;AAACC,IAAAA,IAAI,EAAEC,MAAP;AAAeC,IAAAA,QAAQ,EAAE;AAAzB,GADyB;AAE/BC,EAAAA,KAAK,EAAE;AAACH,IAAAA,IAAI,EAAEC,MAAP;AAAeC,IAAAA,QAAQ,EAAE;AAAzB,GAFwB;AAG/BE,EAAAA,IAAI,EAAE;AAAEJ,IAAAA,IAAI,EAAEK,IAAR;AAAc,eAASA,IAAI,CAACC;AAA5B,GAHyB;AAI/BC,EAAAA,OAAO,EAAC;AAACP,IAAAA,IAAI,EAAEC,MAAP;AAAeC,IAAAA,QAAQ,EAAE;AAAzB,GAJuB;AAK/BM,EAAAA,OAAO,EAAE;AAACR,IAAAA,IAAI,EAAEC,MAAP;AAAeC,IAAAA,QAAQ,EAAE;AAAzB;AALsB,CAApB,EAQb;AACEO,EAAAA,UAAU,EAAE;AADd,CARa,CAAf;AAaA,IAAMC,KAAK,GAAGhB,QAAQ,CAACiB,KAAT,CAAe,OAAf,EAAuBd,MAAvB,CAAd;;AAEA,IAAMe,aAAa,GAAG,SAAhBA,aAAgB,CAACC,KAAD,EAAW;AACjC,MAAMhB,MAAM,GAAGD,GAAG,CAACkB,MAAJ,CAAW;AACpBC,IAAAA,QAAQ,EAAEnB,GAAG,CAACoB,MAAJ,GAAaC,GAAb,CAAiB,CAAjB,EAAoBC,GAApB,CAAwB,GAAxB,EAA6BhB,QAA7B,EADU;AAEpBC,IAAAA,KAAK,EAAEP,GAAG,CAACoB,MAAJ,GAAab,KAAb,GAAqBc,GAArB,CAAyB,CAAzB,EAA4BC,GAA5B,CAAgC,IAAhC,EAAsChB,QAAtC,EAFa;AAGpBK,IAAAA,OAAO,EAAEX,GAAG,CAACoB,MAAJ,GAAaC,GAAb,CAAiB,EAAjB,EAAqBC,GAArB,CAAyB,GAAzB,EAA8BhB,QAA9B,EAHW;AAIpBM,IAAAA,OAAO,EAAEZ,GAAG,CAACoB,MAAJ,GAAaC,GAAb,CAAiB,EAAjB,EAAqBC,GAArB,CAAyB,GAAzB,EAA8BhB,QAA9B;AAJW,GAAX,CAAf;AAOE,SAAOL,MAAM,CAACsB,QAAP,CAAgBN,KAAhB,CAAP;AACD,CATD;;AAWAO,MAAM,CAACC,OAAP,GAAiB;AACfX,EAAAA,KAAK,EAALA,KADe;AAEfE,EAAAA,aAAa,EAAbA;AAFe,CAAjB","sourceRoot":"/Users/andelarwanda/Documents/My-Brand/src/models/","sourcesContent":["const mongoose = require(\"mongoose\");\nconst Joi = require(\"@hapi/joi\")\n\nconst schema = new mongoose.Schema({\n    name: {type: String, required: true},\n    email: {type: String, required: true},\n    date: { type: Date, default: Date.now },\n    subject:{type: String, required: true},\n    message: {type: String, required: true},\n}\n,\n  {\n    versionKey: false\n  }\n)\n\nconst Query = mongoose.model(\"Query\",schema);\n\nconst validateQuery = (query) => {\nconst schema = Joi.object({\n      username: Joi.string().min(5).max(500).required(),\n      email: Joi.string().email().min(5).max(1024).required(),\n      subject: Joi.string().min(10).max(500).required(),\n      message: Joi.string().min(10).max(500).required(),\n  })\n\n  return schema.validate(query)\n}\n\nmodule.exports = {\n  Query,\n  validateQuery,\n}"]},"_coverageSchema":"1a1c01bbd47fc00a2c39e90264f33305004495a9","hash":"7609e1d9121c4b41759863d36d825269d5984af3","contentHash":"104b6bfc07e912d9b90e94d5a7f76b7b29d9297d409e18801e490e6854864d44"},"/Users/andelarwanda/Documents/My-Brand/src/models/User.js":{"path":"/Users/andelarwanda/Documents/My-Brand/src/models/User.js","statementMap":{"0":{"start":{"line":3,"column":15},"end":{"line":3,"column":34}},"1":{"start":{"line":5,"column":10},"end":{"line":5,"column":30}},"2":{"start":{"line":7,"column":13},"end":{"line":22,"column":2}},"3":{"start":{"line":23,"column":11},"end":{"line":23,"column":41}},"4":{"start":{"line":25,"column":19},"end":{"line":31,"column":1}},"5":{"start":{"line":26,"column":15},"end":{"line":29,"column":4}},"6":{"start":{"line":30,"column":2},"end":{"line":30,"column":31}},"7":{"start":{"line":33,"column":0},"end":{"line":36,"column":2}}},"fnMap":{"0":{"name":"validateUser","decl":{"start":{"line":25,"column":28},"end":{"line":25,"column":40}},"loc":{"start":{"line":25,"column":47},"end":{"line":31,"column":1}},"line":25}},"branchMap":{},"s":{"0":1,"1":1,"2":1,"3":1,"4":1,"5":0,"6":0,"7":1},"f":{"0":0},"b":{},"inputSourceMap":{"version":3,"sources":["User.js"],"names":["mongoose","require","Joi","schema","Schema","email","type","String","required","password","versionKey","User","model","validateUser","user","object","string","min","max","validate","module","exports"],"mappings":";;AAAA,IAAMA,QAAQ,GAAGC,OAAO,CAAC,UAAD,CAAxB;;AACA,IAAMC,GAAG,GAAGD,OAAO,CAAC,WAAD,CAAnB;;AAEC,IAAME,MAAM,GAAG,IAAIH,QAAQ,CAACI,MAAb,CAAoB;AAC/BC,EAAAA,KAAK,EAAC;AAACC,IAAAA,IAAI,EAACC,MAAN;AAAcC,IAAAA,QAAQ,EAAC;AAAvB,GADyB;AAE/BC,EAAAA,QAAQ,EAAC;AAACH,IAAAA,IAAI,EAAEC,MAAP;AAAgBC,IAAAA,QAAQ,EAAE;AAA1B,GAFsB;AAG/BF,EAAAA,IAAI,EAAC;AAACA,IAAAA,IAAI,EAACC,MAAN;AAAc,eAAS;AAAvB;AAH0B,CAApB,EAKb;AACEG,EAAAA,UAAU,EAAC;AADb,CALa,CAAf;AASD,IAAMC,IAAI,GAAGX,QAAQ,CAACY,KAAT,CAAe,MAAf,EAAsBT,MAAtB,CAAb;;AAEC,IAAMU,YAAY,GAAG,SAAfA,YAAe,CAACC,IAAD,EAAU;AAChC,MAAMX,MAAM,GAAGD,GAAG,CAACa,MAAJ,CAAW;AAClBV,IAAAA,KAAK,EAAEH,GAAG,CAACc,MAAJ,GAAaX,KAAb,GAAqBY,GAArB,CAAyB,CAAzB,EAA4BC,GAA5B,CAAgC,GAAhC,EAAqCV,QAArC,EADW;AAElBC,IAAAA,QAAQ,EAAEP,GAAG,CAACc,MAAJ,GAAaC,GAAb,CAAiB,CAAjB,EAAoBC,GAApB,CAAwB,IAAxB,EAA8BV,QAA9B;AAFQ,GAAX,CAAf;AAKC,SAAOL,MAAM,CAACgB,QAAP,CAAgBL,IAAhB,CAAP;AACE,CAPF;;AASCM,MAAM,CAACC,OAAP,GAAiB;AACfV,EAAAA,IAAI,EAAJA,IADe;AAEfE,EAAAA,YAAY,EAAZA;AAFe,CAAjB","sourceRoot":"/Users/andelarwanda/Documents/My-Brand/src/models/","sourcesContent":["const mongoose = require(\"mongoose\");\nconst Joi = require(\"@hapi/joi\");\n\n const schema = new mongoose.Schema({\n     email:{type:String, required:true},\n     password:{type: String , required: true},\n     type:{type:String, default: \"user\"},\n\n },{\n     versionKey:false\n })\n\nconst User = mongoose.model(\"User\",schema);\n\n const validateUser = (user) => {\nconst schema = Joi.object({\n        email: Joi.string().email().min(5).max(500).required(),\n        password: Joi.string().min(8).max(1024).required(),\n  \n    })\n return schema.validate(user)\n  }\n  \n  module.exports = {\n    User,\n    validateUser,\n  }"]},"_coverageSchema":"1a1c01bbd47fc00a2c39e90264f33305004495a9","hash":"e9537638eebb7ffde01c995fd8e2e32f1099fd65","contentHash":"6e3dd1e6d6752355848f3506325905d6511a86abe9dd52ae373a8e6da8b3667b"},"/Users/andelarwanda/Documents/My-Brand/src/index.js":{"path":"/Users/andelarwanda/Documents/My-Brand/src/index.js","statementMap":{"0":{"start":{"line":3,"column":77},"end":{"line":3,"column":175}},"1":{"start":{"line":3,"column":94},"end":{"line":3,"column":107}},"2":{"start":{"line":3,"column":121},"end":{"line":3,"column":131}},"3":{"start":{"line":3,"column":151},"end":{"line":3,"column":165}},"4":{"start":{"line":3,"column":166},"end":{"line":3,"column":173}},"5":{"start":{"line":3,"column":176},"end":{"line":3,"column":263}},"6":{"start":{"line":3,"column":193},"end":{"line":3,"column":208}},"7":{"start":{"line":3,"column":218},"end":{"line":3,"column":261}},"8":{"start":{"line":5,"column":33},"end":{"line":5,"column":387}},"9":{"start":{"line":5,"column":65},"end":{"line":5,"column":69}},"10":{"start":{"line":5,"column":78},"end":{"line":5,"column":87}},"11":{"start":{"line":5,"column":89},"end":{"line":5,"column":384}},"12":{"start":{"line":5,"column":147},"end":{"line":5,"column":167}},"13":{"start":{"line":5,"column":193},"end":{"line":5,"column":264}},"14":{"start":{"line":5,"column":290},"end":{"line":5,"column":360}},"15":{"start":{"line":5,"column":363},"end":{"line":5,"column":380}},"16":{"start":{"line":7,"column":14},"end":{"line":7,"column":32}},"17":{"start":{"line":9,"column":15},"end":{"line":9,"column":34}},"18":{"start":{"line":11,"column":11},"end":{"line":11,"column":26}},"19":{"start":{"line":13,"column":19},"end":{"line":13,"column":43}},"20":{"start":{"line":15,"column":16},"end":{"line":15,"column":45}},"21":{"start":{"line":17,"column":10},"end":{"line":17,"column":33}},"22":{"start":{"line":19,"column":20},"end":{"line":19,"column":47}},"23":{"start":{"line":21,"column":18},"end":{"line":21,"column":43}},"24":{"start":{"line":23,"column":17},"end":{"line":23,"column":41}},"25":{"start":{"line":25,"column":20},"end":{"line":25,"column":47}},"26":{"start":{"line":27,"column":18},"end":{"line":27,"column":43}},"27":{"start":{"line":29,"column":19},"end":{"line":29,"column":46}},"28":{"start":{"line":31,"column":11},"end":{"line":31,"column":35}},"29":{"start":{"line":33,"column":13},"end":{"line":33,"column":30}},"30":{"start":{"line":35,"column":10},"end":{"line":35,"column":40}},"31":{"start":{"line":37,"column":24},"end":{"line":69,"column":1}},"32":{"start":{"line":70,"column":14},"end":{"line":74,"column":1}},"33":{"start":{"line":75,"column":18},"end":{"line":75,"column":39}},"34":{"start":{"line":76,"column":10},"end":{"line":76,"column":19}},"35":{"start":{"line":78,"column":29},"end":{"line":125,"column":3}},"36":{"start":{"line":79,"column":13},"end":{"line":120,"column":5}},"37":{"start":{"line":80,"column":4},"end":{"line":119,"column":16}},"38":{"start":{"line":81,"column":6},"end":{"line":118,"column":7}},"39":{"start":{"line":82,"column":8},"end":{"line":117,"column":9}},"40":{"start":{"line":84,"column":12},"end":{"line":84,"column":30}},"41":{"start":{"line":85,"column":12},"end":{"line":112,"column":15}},"42":{"start":{"line":90,"column":14},"end":{"line":92,"column":18}},"43":{"start":{"line":93,"column":14},"end":{"line":93,"column":38}},"44":{"start":{"line":96,"column":14},"end":{"line":96,"column":78}},"45":{"start":{"line":97,"column":14},"end":{"line":97,"column":32}},"46":{"start":{"line":98,"column":14},"end":{"line":98,"column":50}},"47":{"start":{"line":99,"column":14},"end":{"line":99,"column":47}},"48":{"start":{"line":100,"column":14},"end":{"line":100,"column":44}},"49":{"start":{"line":101,"column":14},"end":{"line":101,"column":50}},"50":{"start":{"line":102,"column":14},"end":{"line":102,"column":45}},"51":{"start":{"line":103,"column":14},"end":{"line":103,"column":47}},"52":{"start":{"line":104,"column":14},"end":{"line":104,"column":36}},"53":{"start":{"line":105,"column":14},"end":{"line":109,"column":17}},"54":{"start":{"line":106,"column":16},"end":{"line":108,"column":17}},"55":{"start":{"line":107,"column":18},"end":{"line":107,"column":64}},"56":{"start":{"line":111,"column":14},"end":{"line":111,"column":84}},"57":{"start":{"line":116,"column":12},"end":{"line":116,"column":35}},"58":{"start":{"line":122,"column":2},"end":{"line":124,"column":4}},"59":{"start":{"line":123,"column":4},"end":{"line":123,"column":39}},"60":{"start":{"line":128,"column":0},"end":{"line":128,"column":12}},"61":{"start":{"line":129,"column":0},"end":{"line":129,"column":21}}},"fnMap":{"0":{"name":"asyncGeneratorStep","decl":{"start":{"line":3,"column":9},"end":{"line":3,"column":27}},"loc":{"start":{"line":3,"column":75},"end":{"line":3,"column":265}},"line":3},"1":{"name":"_asyncToGenerator","decl":{"start":{"line":5,"column":9},"end":{"line":5,"column":26}},"loc":{"start":{"line":5,"column":31},"end":{"line":5,"column":389}},"line":5},"2":{"name":"(anonymous_2)","decl":{"start":{"line":5,"column":40},"end":{"line":5,"column":41}},"loc":{"start":{"line":5,"column":52},"end":{"line":5,"column":386}},"line":5},"3":{"name":"(anonymous_3)","decl":{"start":{"line":5,"column":108},"end":{"line":5,"column":109}},"loc":{"start":{"line":5,"column":135},"end":{"line":5,"column":382}},"line":5},"4":{"name":"_next","decl":{"start":{"line":5,"column":178},"end":{"line":5,"column":183}},"loc":{"start":{"line":5,"column":191},"end":{"line":5,"column":266}},"line":5},"5":{"name":"_throw","decl":{"start":{"line":5,"column":276},"end":{"line":5,"column":282}},"loc":{"start":{"line":5,"column":288},"end":{"line":5,"column":362}},"line":5},"6":{"name":"(anonymous_6)","decl":{"start":{"line":78,"column":29},"end":{"line":78,"column":30}},"loc":{"start":{"line":78,"column":41},"end":{"line":125,"column":1}},"line":78},"7":{"name":"_callee","decl":{"start":{"line":79,"column":78},"end":{"line":79,"column":85}},"loc":{"start":{"line":79,"column":88},"end":{"line":120,"column":3}},"line":79},"8":{"name":"_callee$","decl":{"start":{"line":80,"column":44},"end":{"line":80,"column":52}},"loc":{"start":{"line":80,"column":63},"end":{"line":119,"column":5}},"line":80},"9":{"name":"(anonymous_9)","decl":{"start":{"line":88,"column":20},"end":{"line":88,"column":21}},"loc":{"start":{"line":88,"column":32},"end":{"line":110,"column":13}},"line":88},"10":{"name":"(anonymous_10)","decl":{"start":{"line":105,"column":31},"end":{"line":105,"column":32}},"loc":{"start":{"line":105,"column":43},"end":{"line":109,"column":15}},"line":105},"11":{"name":"(anonymous_11)","decl":{"start":{"line":110,"column":24},"end":{"line":110,"column":25}},"loc":{"start":{"line":110,"column":41},"end":{"line":112,"column":13}},"line":110},"12":{"name":"connectDB","decl":{"start":{"line":122,"column":18},"end":{"line":122,"column":27}},"loc":{"start":{"line":122,"column":30},"end":{"line":124,"column":3}},"line":122}},"branchMap":{"0":{"loc":{"start":{"line":3,"column":176},"end":{"line":3,"column":263}},"type":"if","locations":[{"start":{"line":3,"column":176},"end":{"line":3,"column":263}},{"start":{"line":3,"column":176},"end":{"line":3,"column":263}}],"line":3},"1":{"loc":{"start":{"line":31,"column":11},"end":{"line":31,"column":35}},"type":"binary-expr","locations":[{"start":{"line":31,"column":11},"end":{"line":31,"column":27}},{"start":{"line":31,"column":31},"end":{"line":31,"column":35}}],"line":31},"2":{"loc":{"start":{"line":82,"column":8},"end":{"line":117,"column":9}},"type":"switch","locations":[{"start":{"line":83,"column":10},"end":{"line":112,"column":15}},{"start":{"line":114,"column":10},"end":{"line":114,"column":17}},{"start":{"line":115,"column":10},"end":{"line":116,"column":35}}],"line":82},"3":{"loc":{"start":{"line":106,"column":16},"end":{"line":108,"column":17}},"type":"if","locations":[{"start":{"line":106,"column":16},"end":{"line":108,"column":17}},{"start":{"line":106,"column":16},"end":{"line":108,"column":17}}],"line":106}},"s":{"0":1,"1":1,"2":1,"3":0,"4":0,"5":1,"6":0,"7":1,"8":1,"9":1,"10":1,"11":1,"12":1,"13":1,"14":0,"15":1,"16":1,"17":1,"18":1,"19":1,"20":1,"21":1,"22":1,"23":1,"24":1,"25":1,"26":1,"27":1,"28":1,"29":1,"30":1,"31":1,"32":1,"33":1,"34":1,"35":1,"36":1,"37":1,"38":1,"39":1,"40":1,"41":1,"42":0,"43":0,"44":0,"45":0,"46":0,"47":0,"48":0,"49":0,"50":0,"51":0,"52":0,"53":0,"54":0,"55":0,"56":0,"57":0,"58":1,"59":1,"60":1,"61":1},"f":{"0":1,"1":1,"2":1,"3":1,"4":1,"5":0,"6":1,"7":1,"8":1,"9":0,"10":0,"11":0,"12":1},"b":{"0":[0,1],"1":[1,1],"2":[1,0,0],"3":[0,0]},"inputSourceMap":{"version":3,"sources":["index.js"],"names":["express","require","mongoose","cors","swaggerJSDoc","swaggerUi","api","articleRoutes","queryRouter","likeRouter","commentRouter","loginRouter","signupRouter","PORT","process","env","config","req","swaggerDefinition","openapi","info","title","version","description","license","name","url","contact","servers","security","bearerAuth","components","securitySchemes","type","scheme","bearerFormat","options","apis","swaggerSpec","app","connectDB","connect","DBHost","useNewUrlParser","useUnifiedTopology","then","use","origin","json","serve","setup","set","listen","util","getEnv","console","log","error","module","exports"],"mappings":";;;;;;AAAA,IAAMA,OAAO,GAAGC,OAAO,CAAC,SAAD,CAAvB;;AACA,IAAMC,QAAQ,GAAGD,OAAO,CAAC,UAAD,CAAxB;;AACA,IAAME,IAAI,GAAGF,OAAO,CAAC,MAAD,CAApB;;AACA,IAAMG,YAAY,GAAGH,OAAO,CAAC,eAAD,CAA5B;;AACA,IAAMI,SAAS,GAAGJ,OAAO,CAAC,oBAAD,CAAzB;;AAEA,IAAMK,GAAG,GAAGL,OAAO,CAAC,cAAD,CAAnB;;AACA,IAAMM,aAAa,GAAGN,OAAO,CAAC,kBAAD,CAA7B;;AACA,IAAMO,WAAW,GAAGP,OAAO,CAAC,gBAAD,CAA3B;;AACA,IAAMQ,UAAU,GAAGR,OAAO,CAAC,eAAD,CAA1B;;AACA,IAAMS,aAAa,GAAGT,OAAO,CAAC,kBAAD,CAA7B;;AAEA,IAAMU,WAAW,GAAGV,OAAO,CAAC,gBAAD,CAA3B;;AACA,IAAMW,YAAY,GAAGX,OAAO,CAAC,kBAAD,CAA5B;;AAGA,IAAMY,IAAI,GAAGC,OAAO,CAACC,GAAR,CAAYF,IAAZ,IAAoB,IAAjC;;AACA,IAAMG,MAAM,GAAGf,OAAO,CAAC,QAAD,CAAtB;;AACA,IAAMgB,GAAG,GAAGhB,OAAO,CAAC,qBAAD,CAAnB;;AAEA,IAAMiB,iBAAiB,GAAG;AAClBC,EAAAA,OAAO,EAAE,OADS;AAElBC,EAAAA,IAAI,EAAE;AACJC,IAAAA,KAAK,EAAE,iCADH;AAEJC,IAAAA,OAAO,EAAE;AAFL,GAFY;AAMlBC,EAAAA,WAAW,EACX,kGAPkB;AAQpBC,EAAAA,OAAO,EAAE;AACPC,IAAAA,IAAI,EAAE,oBADC;AAEPC,IAAAA,GAAG,EAAE;AAFE,GARW;AAYpBC,EAAAA,OAAO,EAAE;AACPF,IAAAA,IAAI,EAAC,sBADE;AAEPC,IAAAA,GAAG,EAAE;AAFE,GAZW;AAgBpBE,EAAAA,OAAO,EAAE,CACP;AACEF,IAAAA,GAAG,EAAE;AADP,GADO,CAhBW;AAqBlBG,EAAAA,QAAQ,EAAE,CACR;AACEC,IAAAA,UAAU,EAAE;AADd,GADQ,CArBQ;AA0BlBC,EAAAA,UAAU,EAAE;AACRC,IAAAA,eAAe,EAAE;AACfF,MAAAA,UAAU,EAAE;AACVG,QAAAA,IAAI,EAAE,MADI;AAEVC,QAAAA,MAAM,EAAE,QAFE;AAGVC,QAAAA,YAAY,EAAE,KAHJ;AAIVV,QAAAA,IAAI,EAAE,YAJI;AAKV,cAAI;AALM;AADG;AADT;AA1BM,CAA1B;AAuCM,IAAMW,OAAO,GAAG;AACdlB,EAAAA,iBAAiB,EAAjBA,iBADc;AAEd;AACAmB,EAAAA,IAAI,EAAE,CAAC,iBAAD;AAHQ,CAAhB;AAMN,IAAMC,WAAW,GAAGlC,YAAY,CAACgC,OAAD,CAAhC;AAEA,IAAMG,GAAG,GAAGvC,OAAO,EAAnB;;AAEA,IAAMwC,SAAS;AAAA,qEAAG;AAAA;AAAA;AAAA;AAAA;AAAA;AAAA,mBACJtC,QAAQ,CAACuC,OAAT,CAAiBzB,MAAM,CAAC0B,MAAxB,EAAgC;AAAEC,cAAAA,eAAe,EAAE,IAAnB;AAAyBC,cAAAA,kBAAkB,EAAE;AAA7C,aAAhC,EACLC,IADK,CACA,YAAI;AACF;AACJN,cAAAA,GAAG,CAACO,GAAJ,CAAQ3C,IAAI,CAAC;AACP4C,gBAAAA,MAAM,EAAE;AADD,eAAD,CAAZ;AAIIR,cAAAA,GAAG,CAACO,GAAJ,CAAQ9C,OAAO,CAACgD,IAAR,EAAR,EANE,CAQF;;AAAA;AACDT,cAAAA,GAAG,CAACO,GAAJ,CAAQ,OAAR,EAAiBzC,SAAS,CAAC4C,KAA3B,EAAkC5C,SAAS,CAAC6C,KAAV,CAAgBZ,WAAhB,CAAlC;AAECC,cAAAA,GAAG,CAACO,GAAJ,CAAQ,GAAR,EAAYxC,GAAZ;AACAiC,cAAAA,GAAG,CAACO,GAAJ,CAAQ,WAAR,EAAoBvC,aAApB;AACAgC,cAAAA,GAAG,CAACO,GAAJ,CAAQ,UAAR,EAAmBtC,WAAnB;AACA+B,cAAAA,GAAG,CAACO,GAAJ,CAAQ,QAAR,EAAiBrC,UAAjB;AACA8B,cAAAA,GAAG,CAACO,GAAJ,CAAQ,WAAR,EAAoBpC,aAApB;AAEA6B,cAAAA,GAAG,CAACO,GAAJ,CAAQ,QAAR,EAAkBnC,WAAlB;AACA4B,cAAAA,GAAG,CAACO,GAAJ,CAAQ,SAAR,EAAmBlC,YAAnB;AAEA2B,cAAAA,GAAG,CAACY,GAAJ,CAAQ,MAAR,EAAetC,IAAf;AAEA0B,cAAAA,GAAG,CAACa,MAAJ,CAAWvC,IAAX,EAAiB,YAAK;AACpB,oBAAGG,MAAM,CAACqC,IAAP,CAAYC,MAAZ,CAAmB,UAAnB,KAAkC,MAArC,EAA4C;AAC1CC,kBAAAA,OAAO,CAACC,GAAR,CAAY,4BAA0B3C,IAAtC;AACC;AACF,eAJH;AAKP,aA5BK,WA6BK,UAAU4C,KAAV,EAAiB;AACpBF,cAAAA,OAAO,CAACC,GAAR,8CAAkDC,KAAlD;AACL,aA/BG,CADI;;AAAA;AAAA;AAAA;AAAA;AAAA;AAAA;AAAA,GAAH;;AAAA,kBAATjB,SAAS;AAAA;AAAA;AAAA,GAAf,C,CAmCI;;;AACAA,SAAS;AACTkB,MAAM,CAACC,OAAP,GAAiBpB,GAAjB","sourceRoot":"/Users/andelarwanda/Documents/My-Brand/src/","sourcesContent":["const express = require(\"express\");\nconst mongoose = require(\"mongoose\");\nconst cors = require(\"cors\")\nconst swaggerJSDoc = require(\"swagger-jsdoc\");\nconst swaggerUi = require(\"swagger-ui-express\")\n\nconst api = require(\"./routes/api\")\nconst articleRoutes = require(\"./routes/article\")\nconst queryRouter = require(\"./routes/query\")\nconst likeRouter = require(\"./routes/like\")\nconst commentRouter = require(\"./routes/comment\")\n\nconst loginRouter = require(\"./routes/login\")\nconst signupRouter = require(\"./routes/sign-up\")\n\n\nconst PORT = process.env.PORT || 5000;\nconst config = require(\"config\");\nconst req = require(\"express/lib/request\");\n\nconst swaggerDefinition = {\n        openapi: '3.0.0',\n        info: {\n          title: 'My-Brand-Cohort8 ~ Alain Honore',\n          version: '1.0.0',\n        },\n        description:\n        'This is a REST API application made with Express. It retrieves data from Mongodb using mongoose.',\n      license: {\n        name: 'Licensed Under MIT',\n        url: 'https://spdx.org/licenses/MIT.html',\n      },\n      contact: {\n        name:\"HIMBAZA Alain Honore\",\n        url: 'https://github.com/Himbaza123h/My_Brand_Cohort8',\n      },\n      servers: [\n        {\n          url: 'http://localhost:5000'\n        }]\n        ,\n        security: [\n          {\n            bearerAuth: [],\n          },\n        ],\n        components: {\n            securitySchemes: {\n              bearerAuth: {\n                type: 'http',\n                scheme: 'bearer',\n                bearerFormat: 'JWT',\n                name: 'bearerAuth',\n                in: 'header'\n              }\n            }\n        },\n      };\n      \n      const options = {\n        swaggerDefinition,\n        // Paths to files containing OpenAPI definitions\n        apis: ['src/routes/*.js'],\n      };\n      \nconst swaggerSpec = swaggerJSDoc(options);\n\nconst app = express();\n\nconst connectDB = async () => {\n        await mongoose.connect(config.DBHost, { useNewUrlParser: true, useUnifiedTopology: true })\n        .then(()=>{\n                //middlewares\n            app.use(cors({\n                  origin: '*'\n                }))\n                \n                app.use(express.json())\n                 \n                //middlewares for routes\n               app.use('/docs', swaggerUi.serve, swaggerUi.setup(swaggerSpec));\n\n                app.use(\"/\",api)\n                app.use(\"/articles\",articleRoutes)\n                app.use(\"/queries\",queryRouter)\n                app.use(\"/likes\",likeRouter)\n                app.use(\"/comments\",commentRouter)\n\n                app.use(\"/login\", loginRouter)\n                app.use(\"/signup\", signupRouter)\n\n                app.set(\"port\",PORT)\n\n                app.listen(PORT, () =>{\n                  if(config.util.getEnv('NODE_ENV') != 'test'){\n                    console.log(\"server started on port \"+PORT)\n                    } \n                  })\n        })\n            .catch(function (error) {\n                console.log(`Unable to connect to the Mongo db  ${error} `);\n          });\n    };\n    \n    // use as a function        \n    connectDB();\n    module.exports = app;\n"]},"_coverageSchema":"1a1c01bbd47fc00a2c39e90264f33305004495a9","hash":"144754a1f1efd31c27c84baa68e8c705b4b10615","contentHash":"09ab858d98a091861de21fa44d0bcf5fdf0c079e2419d822346f186a2e119ef5"},"/Users/andelarwanda/Documents/My-Brand/src/routes/api.js":{"path":"/Users/andelarwanda/Documents/My-Brand/src/routes/api.js","statementMap":{"0":{"start":{"line":3,"column":19},"end":{"line":3,"column":56}},"1":{"start":{"line":5,"column":77},"end":{"line":5,"column":175}},"2":{"start":{"line":5,"column":94},"end":{"line":5,"column":107}},"3":{"start":{"line":5,"column":121},"end":{"line":5,"column":131}},"4":{"start":{"line":5,"column":151},"end":{"line":5,"column":165}},"5":{"start":{"line":5,"column":166},"end":{"line":5,"column":173}},"6":{"start":{"line":5,"column":176},"end":{"line":5,"column":263}},"7":{"start":{"line":5,"column":193},"end":{"line":5,"column":208}},"8":{"start":{"line":5,"column":218},"end":{"line":5,"column":261}},"9":{"start":{"line":7,"column":33},"end":{"line":7,"column":387}},"10":{"start":{"line":7,"column":65},"end":{"line":7,"column":69}},"11":{"start":{"line":7,"column":78},"end":{"line":7,"column":87}},"12":{"start":{"line":7,"column":89},"end":{"line":7,"column":384}},"13":{"start":{"line":7,"column":147},"end":{"line":7,"column":167}},"14":{"start":{"line":7,"column":193},"end":{"line":7,"column":264}},"15":{"start":{"line":7,"column":290},"end":{"line":7,"column":360}},"16":{"start":{"line":7,"column":363},"end":{"line":7,"column":380}},"17":{"start":{"line":9,"column":14},"end":{"line":9,"column":32}},"18":{"start":{"line":11,"column":15},"end":{"line":11,"column":40}},"19":{"start":{"line":12,"column":19},"end":{"line":12,"column":40}},"20":{"start":{"line":13,"column":11},"end":{"line":13,"column":24}},"21":{"start":{"line":15,"column":16},"end":{"line":15,"column":41}},"22":{"start":{"line":16,"column":14},"end":{"line":16,"column":31}},"23":{"start":{"line":18,"column":13},"end":{"line":18,"column":29}},"24":{"start":{"line":20,"column":25},"end":{"line":20,"column":69}},"25":{"start":{"line":22,"column":0},"end":{"line":47,"column":5}},"26":{"start":{"line":23,"column":13},"end":{"line":42,"column":5}},"27":{"start":{"line":24,"column":4},"end":{"line":41,"column":16}},"28":{"start":{"line":25,"column":6},"end":{"line":40,"column":7}},"29":{"start":{"line":26,"column":8},"end":{"line":39,"column":9}},"30":{"start":{"line":28,"column":12},"end":{"line":34,"column":13}},"31":{"start":{"line":29,"column":14},"end":{"line":29,"column":81}},"32":{"start":{"line":31,"column":14},"end":{"line":33,"column":17}},"33":{"start":{"line":38,"column":12},"end":{"line":38,"column":35}},"34":{"start":{"line":44,"column":2},"end":{"line":46,"column":4}},"35":{"start":{"line":45,"column":4},"end":{"line":45,"column":39}},"36":{"start":{"line":48,"column":0},"end":{"line":48,"column":24}}},"fnMap":{"0":{"name":"asyncGeneratorStep","decl":{"start":{"line":5,"column":9},"end":{"line":5,"column":27}},"loc":{"start":{"line":5,"column":75},"end":{"line":5,"column":265}},"line":5},"1":{"name":"_asyncToGenerator","decl":{"start":{"line":7,"column":9},"end":{"line":7,"column":26}},"loc":{"start":{"line":7,"column":31},"end":{"line":7,"column":389}},"line":7},"2":{"name":"(anonymous_2)","decl":{"start":{"line":7,"column":40},"end":{"line":7,"column":41}},"loc":{"start":{"line":7,"column":52},"end":{"line":7,"column":386}},"line":7},"3":{"name":"(anonymous_3)","decl":{"start":{"line":7,"column":108},"end":{"line":7,"column":109}},"loc":{"start":{"line":7,"column":135},"end":{"line":7,"column":382}},"line":7},"4":{"name":"_next","decl":{"start":{"line":7,"column":178},"end":{"line":7,"column":183}},"loc":{"start":{"line":7,"column":191},"end":{"line":7,"column":266}},"line":7},"5":{"name":"_throw","decl":{"start":{"line":7,"column":276},"end":{"line":7,"column":282}},"loc":{"start":{"line":7,"column":288},"end":{"line":7,"column":362}},"line":7},"6":{"name":"(anonymous_6)","decl":{"start":{"line":22,"column":29},"end":{"line":22,"column":30}},"loc":{"start":{"line":22,"column":41},"end":{"line":47,"column":1}},"line":22},"7":{"name":"_callee","decl":{"start":{"line":23,"column":78},"end":{"line":23,"column":85}},"loc":{"start":{"line":23,"column":96},"end":{"line":42,"column":3}},"line":23},"8":{"name":"_callee$","decl":{"start":{"line":24,"column":44},"end":{"line":24,"column":52}},"loc":{"start":{"line":24,"column":63},"end":{"line":41,"column":5}},"line":24},"9":{"name":"(anonymous_9)","decl":{"start":{"line":44,"column":9},"end":{"line":44,"column":10}},"loc":{"start":{"line":44,"column":28},"end":{"line":46,"column":3}},"line":44}},"branchMap":{"0":{"loc":{"start":{"line":5,"column":176},"end":{"line":5,"column":263}},"type":"if","locations":[{"start":{"line":5,"column":176},"end":{"line":5,"column":263}},{"start":{"line":5,"column":176},"end":{"line":5,"column":263}}],"line":5},"1":{"loc":{"start":{"line":26,"column":8},"end":{"line":39,"column":9}},"type":"switch","locations":[{"start":{"line":27,"column":10},"end":{"line":34,"column":13}},{"start":{"line":36,"column":10},"end":{"line":36,"column":17}},{"start":{"line":37,"column":10},"end":{"line":38,"column":35}}],"line":26}},"s":{"0":1,"1":0,"2":0,"3":0,"4":0,"5":0,"6":0,"7":0,"8":0,"9":1,"10":0,"11":0,"12":0,"13":0,"14":0,"15":0,"16":0,"17":1,"18":1,"19":1,"20":1,"21":1,"22":1,"23":1,"24":1,"25":1,"26":1,"27":0,"28":0,"29":0,"30":0,"31":0,"32":0,"33":0,"34":1,"35":0,"36":1},"f":{"0":0,"1":1,"2":0,"3":0,"4":0,"5":0,"6":1,"7":0,"8":0,"9":0},"b":{"0":[0,0],"1":[0,0,0]},"inputSourceMap":{"version":3,"sources":["api.js"],"names":["express","require","validateLike","Like","Article","router","Router","validateMiddleWare","get","req","res","status","send","error","sendStatus","module","exports"],"mappings":";;AAOA;;;;;;AAPA,IAAMA,OAAO,GAAGC,OAAO,CAAC,SAAD,CAAvB;;AACA,eAA6BA,OAAO,CAAC,gBAAD,CAApC;AAAA,IAAOC,YAAP,YAAOA,YAAP;AAAA,IAAoBC,IAApB,YAAoBA,IAApB;;AACA,gBAAmBF,OAAO,CAAC,gBAAD,CAA1B;AAAA,IAAOG,OAAP,aAAOA,OAAP;;AAEA,IAAMC,MAAM,GAAGL,OAAO,CAACM,MAAR,EAAf;;AACA,IAAMC,kBAAkB,GAAGN,OAAO,CAAC,mCAAD,CAAlC;;AAMAI,MAAM,CAACG,GAAP,CAAW,GAAX;AAAA,qEAAiB,iBAAMC,GAAN,EAAUC,GAAV;AAAA;AAAA;AAAA;AAAA;AACb,gBAAI;AACAA,cAAAA,GAAG,CAACC,MAAJ,CAAW,GAAX,EAAgBC,IAAhB,CAAqB,4CAArB;AACH,aAFD,CAEE,OAAOC,KAAP,EAAa;AACXH,cAAAA,GAAG,CAACI,UAAJ,CAAe,GAAf,EAAoBF,IAApB,CAAyB;AAACC,gBAAAA,KAAK,EAAC;AAAP,eAAzB;AACH;;AALY;AAAA;AAAA;AAAA;AAAA;AAAA;AAAA,GAAjB;;AAAA;AAAA;AAAA;AAAA;AASAE,MAAM,CAACC,OAAP,GAAiBX,MAAjB","sourceRoot":"/Users/andelarwanda/Documents/My-Brand/src/routes/","sourcesContent":["const express = require(\"express\");\nconst {validateLike,Like } = require(\"../models/Like\");\nconst {Article } = require(\"../models/Like\");\n\nconst router = express.Router();\nconst validateMiddleWare = require('../middlewares/validateMiddleware')\n\nimport { verifyToken } from \"../controllers/verifyToken\";\n\n\n\nrouter.get(\"/\",  async(req,res)=>{\n    try {\n        res.status(200).send(\"<h1> Welcome to My_Brand_Cohort8 API </h1>\");\n    } catch (error){\n        res.sendStatus(500).send({error:\"Problem with request\"})\n    }\n})\n\n\nmodule.exports = router;"]},"_coverageSchema":"1a1c01bbd47fc00a2c39e90264f33305004495a9","hash":"539efca2eacf239eb6750a83140465216c429fb8","contentHash":"4dc64b755cc8d8a13ff999d2049657669db1eaeda9848e74579b01a3e20c18c7"},"/Users/andelarwanda/Documents/My-Brand/src/controllers/verifyToken.js":{"path":"/Users/andelarwanda/Documents/My-Brand/src/controllers/verifyToken.js","statementMap":{"0":{"start":{"line":3,"column":0},"end":{"line":5,"column":3}},"1":{"start":{"line":6,"column":0},"end":{"line":6,"column":34}},"2":{"start":{"line":8,"column":16},"end":{"line":8,"column":47}},"3":{"start":{"line":10,"column":10},"end":{"line":10,"column":33}},"4":{"start":{"line":12,"column":13},"end":{"line":12,"column":30}},"5":{"start":{"line":16,"column":2},"end":{"line":28,"column":3}},"6":{"start":{"line":17,"column":23},"end":{"line":17,"column":48}},"7":{"start":{"line":18,"column":22},"end":{"line":18,"column":64}},"8":{"start":{"line":19,"column":4},"end":{"line":19,"column":57}},"9":{"start":{"line":19,"column":30},"end":{"line":19,"column":57}},"10":{"start":{"line":20,"column":4},"end":{"line":25,"column":7}},"11":{"start":{"line":22,"column":6},"end":{"line":22,"column":42}},"12":{"start":{"line":22,"column":15},"end":{"line":22,"column":42}},"13":{"start":{"line":23,"column":6},"end":{"line":23,"column":22}},"14":{"start":{"line":24,"column":6},"end":{"line":24,"column":13}},"15":{"start":{"line":27,"column":4},"end":{"line":27,"column":21}}},"fnMap":{"0":{"name":"verifyToken","decl":{"start":{"line":15,"column":9},"end":{"line":15,"column":20}},"loc":{"start":{"line":15,"column":37},"end":{"line":29,"column":1}},"line":15},"1":{"name":"(anonymous_1)","decl":{"start":{"line":20,"column":43},"end":{"line":20,"column":44}},"loc":{"start":{"line":20,"column":64},"end":{"line":25,"column":5}},"line":20}},"branchMap":{"0":{"loc":{"start":{"line":18,"column":22},"end":{"line":18,"column":64}},"type":"binary-expr","locations":[{"start":{"line":18,"column":22},"end":{"line":18,"column":34}},{"start":{"line":18,"column":38},"end":{"line":18,"column":64}}],"line":18},"1":{"loc":{"start":{"line":19,"column":4},"end":{"line":19,"column":57}},"type":"if","locations":[{"start":{"line":19,"column":4},"end":{"line":19,"column":57}},{"start":{"line":19,"column":4},"end":{"line":19,"column":57}}],"line":19},"2":{"loc":{"start":{"line":22,"column":6},"end":{"line":22,"column":42}},"type":"if","locations":[{"start":{"line":22,"column":6},"end":{"line":22,"column":42}},{"start":{"line":22,"column":6},"end":{"line":22,"column":42}}],"line":22}},"s":{"0":1,"1":1,"2":1,"3":1,"4":1,"5":0,"6":0,"7":0,"8":0,"9":0,"10":0,"11":0,"12":0,"13":0,"14":0,"15":0},"f":{"0":0,"1":0},"b":{"0":[0,0],"1":[0,0],"2":[0,0]},"inputSourceMap":{"version":3,"sources":["verifyToken.js"],"names":["jwt","require","config","verifyToken","req","res","next","bearerHeader","headers","authorization","bearerToken","split","sendStatus","verify","secret","err","user","console","log"],"mappings":";;;;;;;AAAA;;AAEA,IAAMA,GAAG,GAAGC,OAAO,CAAC,cAAD,CAAnB;;AACA,IAAMC,MAAM,GAAGD,OAAO,CAAC,QAAD,CAAtB,C,CAEA;;;AACA,SAASE,WAAT,CAAqBC,GAArB,EAA0BC,GAA1B,EAA+BC,IAA/B,EAAqC;AACrC,MAAG;AACD,QAAMC,YAAY,GAAGH,GAAG,CAACI,OAAJ,CAAYC,aAAjC;AACC,QAAMC,WAAW,GAAGH,YAAY,IAAIA,YAAY,CAACI,KAAb,CAAmB,GAAnB,EAAwB,CAAxB,CAApC;AACC,QAAIJ,YAAY,IAAI,IAApB,EAA0B,OAAOF,GAAG,CAACO,UAAJ,CAAe,GAAf,CAAP;AAE1BZ,IAAAA,GAAG,CAACa,MAAJ,CAAWH,WAAX,EAAwBR,MAAM,CAACY,MAA/B,EAAuC,UAACC,GAAD,EAAKC,IAAL,EAAa;AACjD;AACC,UAAID,GAAJ,EAAS,OAAOV,GAAG,CAACO,UAAJ,CAAe,GAAf,CAAP;AACVR,MAAAA,GAAG,CAACY,IAAJ,GAAWA,IAAX;AACCV,MAAAA,IAAI;AACP,KALD;AAMD,GAXH,CAYE,OAAMS,GAAN,EAAU;AACVE,IAAAA,OAAO,CAACC,GAAR,CAAYH,GAAZ;AACC;AAEA","sourceRoot":"/Users/andelarwanda/Documents/My-Brand/src/controllers/","sourcesContent":["import { send } from \"express/lib/response\";\n\nconst jwt = require(\"jsonwebtoken\")\nconst config = require(\"config\");\n\n// Verify Token\nfunction verifyToken(req, res, next) {\ntry{\n  const bearerHeader = req.headers.authorization;\n   const bearerToken = bearerHeader && bearerHeader.split(' ')[1];\n    if (bearerHeader == null) return res.sendStatus(401);\n\n    jwt.verify(bearerToken, config.secret, (err,user) =>{\n       // console.log(err)\n        if (err) return res.sendStatus(403);\n       req.user = user;\n        next();\n    })\n  }\n  catch(err){\n  console.log(err)\n  }\n  \n  }\nexport{ verifyToken }"]},"_coverageSchema":"1a1c01bbd47fc00a2c39e90264f33305004495a9","hash":"88bcfbd92d25f7591fa22e600cf653feb5d64152","contentHash":"27220a55482fb18fce2f81d5214cb4859f75eeead88e13589b6b623aefdee746"},"/Users/andelarwanda/Documents/My-Brand/src/models/Like.js":{"path":"/Users/andelarwanda/Documents/My-Brand/src/models/Like.js","statementMap":{"0":{"start":{"line":3,"column":15},"end":{"line":3,"column":34}},"1":{"start":{"line":5,"column":10},"end":{"line":5,"column":30}},"2":{"start":{"line":7,"column":13},"end":{"line":22,"column":2}},"3":{"start":{"line":23,"column":11},"end":{"line":23,"column":41}},"4":{"start":{"line":25,"column":19},"end":{"line":30,"column":1}},"5":{"start":{"line":26,"column":15},"end":{"line":28,"column":4}},"6":{"start":{"line":29,"column":2},"end":{"line":29,"column":31}},"7":{"start":{"line":32,"column":0},"end":{"line":35,"column":2}}},"fnMap":{"0":{"name":"validateLike","decl":{"start":{"line":25,"column":28},"end":{"line":25,"column":40}},"loc":{"start":{"line":25,"column":47},"end":{"line":30,"column":1}},"line":25}},"branchMap":{},"s":{"0":1,"1":1,"2":1,"3":1,"4":1,"5":0,"6":0,"7":1},"f":{"0":0},"b":{},"inputSourceMap":{"version":3,"sources":["Like.js"],"names":["mongoose","require","Joi","schema","Schema","likeId","type","String","required","articleId","userId","versionKey","Like","model","validateLike","like","object","string","validate","module","exports"],"mappings":";;AAAA,IAAMA,QAAQ,GAAGC,OAAO,CAAC,UAAD,CAAxB;;AACA,IAAMC,GAAG,GAAGD,OAAO,CAAC,WAAD,CAAnB;;AAEC,IAAME,MAAM,GAAG,IAAIH,QAAQ,CAACI,MAAb,CAAoB;AACjCC,EAAAA,MAAM,EAAC;AAACC,IAAAA,IAAI,EAACC,MAAN;AAAcC,IAAAA,QAAQ,EAAC;AAAvB,GAD0B;AAE/BC,EAAAA,SAAS,EAAC;AAACH,IAAAA,IAAI,EAACC,MAAN;AAAcC,IAAAA,QAAQ,EAAC;AAAvB,GAFqB;AAG/BE,EAAAA,MAAM,EAAC;AAACJ,IAAAA,IAAI,EAAEC,MAAP;AAAgBC,IAAAA,QAAQ,EAAE;AAA1B;AAHwB,CAApB,EAIb;AACEG,EAAAA,UAAU,EAAC;AADb,CAJa,CAAf;AASD,IAAMC,IAAI,GAAGZ,QAAQ,CAACa,KAAT,CAAe,MAAf,EAAsBV,MAAtB,CAAb;;AAEA,IAAMW,YAAY,GAAG,SAAfA,YAAe,CAACC,IAAD,EAAU;AAC7B,MAAMZ,MAAM,GAAGD,GAAG,CAACc,MAAJ,CAAW;AAC1BP,IAAAA,SAAS,EAACP,GAAG,CAACe,MAAJ,GAAaT,QAAb;AADgB,GAAX,CAAf;AAGF,SAAOL,MAAM,CAACe,QAAP,CAAgBH,IAAhB,CAAP;AACC,CALD;;AAOAI,MAAM,CAACC,OAAP,GAAiB;AACfR,EAAAA,IAAI,EAAJA,IADe;AAEfE,EAAAA,YAAY,EAAZA;AAFe,CAAjB","sourceRoot":"/Users/andelarwanda/Documents/My-Brand/src/models/","sourcesContent":["const mongoose = require(\"mongoose\");\nconst Joi = require('@hapi/joi')\n\n const schema = new mongoose.Schema({\n   likeId:{type:String, required:true},\n     articleId:{type:String, required:true},\n     userId:{type: String , required: true},     \n },{\n     versionKey:false\n })\n\n\nconst Like = mongoose.model(\"Like\",schema);\n\nconst validateLike = (like) => {\n  const schema = Joi.object({\n  articleId:Joi.string().required(),\n  })\nreturn schema.validate(like)\n}\n\nmodule.exports = {\n  Like,\n  validateLike,\n}"]},"_coverageSchema":"1a1c01bbd47fc00a2c39e90264f33305004495a9","hash":"65e11d2d75934bb2ca3d6bf158006e4b72a2f8d9","contentHash":"6e34735e96471cb2e79467b1fa79f1f5f894a97c429e013a5737efd215f2c6be"},"/Users/andelarwanda/Documents/My-Brand/src/middlewares/validateMiddleware.js":{"path":"/Users/andelarwanda/Documents/My-Brand/src/middlewares/validateMiddleware.js","statementMap":{"0":{"start":{"line":4,"column":0},"end":{"line":13,"column":2}},"1":{"start":{"line":5,"column":2},"end":{"line":12,"column":4}},"2":{"start":{"line":6,"column":21},"end":{"line":6,"column":40}},"3":{"start":{"line":7,"column":16},"end":{"line":7,"column":32}},"4":{"start":{"line":9,"column":4},"end":{"line":9,"column":17}},"5":{"start":{"line":11,"column":4},"end":{"line":11,"column":11}}},"fnMap":{"0":{"name":"(anonymous_0)","decl":{"start":{"line":4,"column":17},"end":{"line":4,"column":18}},"loc":{"start":{"line":4,"column":38},"end":{"line":13,"column":1}},"line":4},"1":{"name":"(anonymous_1)","decl":{"start":{"line":5,"column":9},"end":{"line":5,"column":10}},"loc":{"start":{"line":5,"column":35},"end":{"line":12,"column":3}},"line":5}},"branchMap":{"0":{"loc":{"start":{"line":9,"column":4},"end":{"line":9,"column":17}},"type":"if","locations":[{"start":{"line":9,"column":4},"end":{"line":9,"column":17}},{"start":{"line":9,"column":4},"end":{"line":9,"column":17}}],"line":9}},"s":{"0":1,"1":8,"2":0,"3":0,"4":0,"5":0},"f":{"0":8,"1":0},"b":{"0":[0,0]},"inputSourceMap":{"version":3,"sources":["validateMiddleware.js"],"names":["module","exports","validator","req","res","next","body","error"],"mappings":";;AAAA;AACAA,MAAM,CAACC,OAAP,GAAiB,UAACC,SAAD,EAAe;AAC5B,SAAO,UAACC,GAAD,EAAMC,GAAN,EAAWC,IAAX,EAAoB;AAC5B,qBAAkBH,SAAS,CAACC,GAAG,CAACG,IAAL,CAA3B;AAAA,QAAQC,KAAR,cAAQA,KAAR;;AACG,QAAIA,KAAJ,EAAW,CAEV;;AACDF,IAAAA,IAAI;AACL,GAND;AAOD,CARH","sourceRoot":"/Users/andelarwanda/Documents/My-Brand/src/middlewares/","sourcesContent":["// validateMiddleware\nmodule.exports = (validator) => {\n    return (req, res, next) => {\n   const { error } = validator(req.body)\n      if (error) {\n\n      }\n      next()\n    }\n  }"]},"_coverageSchema":"1a1c01bbd47fc00a2c39e90264f33305004495a9","hash":"5c03368a7bd8399432bacac7bd9a9bdbdf0ebf1f","contentHash":"c90213a98402b3993a2b1cdae822dc6d9fac229046183c177eb543eacbb3658f"},"/Users/andelarwanda/Documents/My-Brand/src/routes/article.js":{"path":"/Users/andelarwanda/Documents/My-Brand/src/routes/article.js","statementMap":{"0":{"start":{"line":3,"column":19},"end":{"line":3,"column":56}},"1":{"start":{"line":5,"column":26},"end":{"line":5,"column":94}},"2":{"start":{"line":7,"column":39},"end":{"line":7,"column":95}},"3":{"start":{"line":9,"column":77},"end":{"line":9,"column":175}},"4":{"start":{"line":9,"column":94},"end":{"line":9,"column":107}},"5":{"start":{"line":9,"column":121},"end":{"line":9,"column":131}},"6":{"start":{"line":9,"column":151},"end":{"line":9,"column":165}},"7":{"start":{"line":9,"column":166},"end":{"line":9,"column":173}},"8":{"start":{"line":9,"column":176},"end":{"line":9,"column":263}},"9":{"start":{"line":9,"column":193},"end":{"line":9,"column":208}},"10":{"start":{"line":9,"column":218},"end":{"line":9,"column":261}},"11":{"start":{"line":11,"column":33},"end":{"line":11,"column":387}},"12":{"start":{"line":11,"column":65},"end":{"line":11,"column":69}},"13":{"start":{"line":11,"column":78},"end":{"line":11,"column":87}},"14":{"start":{"line":11,"column":89},"end":{"line":11,"column":384}},"15":{"start":{"line":11,"column":147},"end":{"line":11,"column":167}},"16":{"start":{"line":11,"column":193},"end":{"line":11,"column":264}},"17":{"start":{"line":11,"column":290},"end":{"line":11,"column":360}},"18":{"start":{"line":11,"column":363},"end":{"line":11,"column":380}},"19":{"start":{"line":13,"column":14},"end":{"line":13,"column":32}},"20":{"start":{"line":15,"column":15},"end":{"line":15,"column":43}},"21":{"start":{"line":16,"column":22},"end":{"line":16,"column":46}},"22":{"start":{"line":17,"column":14},"end":{"line":17,"column":30}},"23":{"start":{"line":19,"column":13},"end":{"line":19,"column":29}},"24":{"start":{"line":21,"column":25},"end":{"line":21,"column":69}},"25":{"start":{"line":61,"column":0},"end":{"line":96,"column":5}},"26":{"start":{"line":62,"column":13},"end":{"line":91,"column":5}},"27":{"start":{"line":64,"column":4},"end":{"line":90,"column":32}},"28":{"start":{"line":65,"column":6},"end":{"line":89,"column":7}},"29":{"start":{"line":66,"column":8},"end":{"line":88,"column":9}},"30":{"start":{"line":68,"column":12},"end":{"line":68,"column":30}},"31":{"start":{"line":69,"column":12},"end":{"line":69,"column":30}},"32":{"start":{"line":70,"column":12},"end":{"line":70,"column":36}},"33":{"start":{"line":73,"column":12},"end":{"line":73,"column":37}},"34":{"start":{"line":74,"column":12},"end":{"line":74,"column":43}},"35":{"start":{"line":75,"column":12},"end":{"line":75,"column":31}},"36":{"start":{"line":76,"column":12},"end":{"line":76,"column":18}},"37":{"start":{"line":79,"column":12},"end":{"line":79,"column":30}},"38":{"start":{"line":80,"column":12},"end":{"line":80,"column":47}},"39":{"start":{"line":81,"column":12},"end":{"line":83,"column":15}},"40":{"start":{"line":87,"column":12},"end":{"line":87,"column":35}},"41":{"start":{"line":93,"column":2},"end":{"line":95,"column":4}},"42":{"start":{"line":94,"column":4},"end":{"line":94,"column":39}},"43":{"start":{"line":122,"column":0},"end":{"line":167,"column":5}},"44":{"start":{"line":123,"column":14},"end":{"line":162,"column":5}},"45":{"start":{"line":125,"column":4},"end":{"line":161,"column":33}},"46":{"start":{"line":126,"column":6},"end":{"line":160,"column":7}},"47":{"start":{"line":127,"column":8},"end":{"line":159,"column":9}},"48":{"start":{"line":129,"column":12},"end":{"line":129,"column":31}},"49":{"start":{"line":130,"column":12},"end":{"line":130,"column":31}},"50":{"start":{"line":131,"column":12},"end":{"line":133,"column":15}},"51":{"start":{"line":136,"column":12},"end":{"line":136,"column":37}},"52":{"start":{"line":138,"column":12},"end":{"line":144,"column":13}},"53":{"start":{"line":139,"column":14},"end":{"line":139,"column":44}},"54":{"start":{"line":141,"column":14},"end":{"line":143,"column":17}},"55":{"start":{"line":146,"column":12},"end":{"line":146,"column":32}},"56":{"start":{"line":147,"column":12},"end":{"line":147,"column":18}},"57":{"start":{"line":150,"column":12},"end":{"line":150,"column":31}},"58":{"start":{"line":151,"column":12},"end":{"line":151,"column":49}},"59":{"start":{"line":152,"column":12},"end":{"line":154,"column":15}},"60":{"start":{"line":158,"column":12},"end":{"line":158,"column":36}},"61":{"start":{"line":164,"column":2},"end":{"line":166,"column":4}},"62":{"start":{"line":165,"column":4},"end":{"line":165,"column":40}},"63":{"start":{"line":208,"column":0},"end":{"line":254,"column":5}},"64":{"start":{"line":209,"column":14},"end":{"line":249,"column":5}},"65":{"start":{"line":211,"column":4},"end":{"line":248,"column":33}},"66":{"start":{"line":212,"column":6},"end":{"line":247,"column":7}},"67":{"start":{"line":213,"column":8},"end":{"line":246,"column":9}},"68":{"start":{"line":215,"column":12},"end":{"line":215,"column":31}},"69":{"start":{"line":216,"column":12},"end":{"line":216,"column":31}},"70":{"start":{"line":217,"column":12},"end":{"line":222,"column":15}},"71":{"start":{"line":225,"column":12},"end":{"line":225,"column":40}},"72":{"start":{"line":226,"column":12},"end":{"line":226,"column":31}},"73":{"start":{"line":227,"column":12},"end":{"line":227,"column":37}},"74":{"start":{"line":230,"column":12},"end":{"line":232,"column":15}},"75":{"start":{"line":233,"column":12},"end":{"line":233,"column":32}},"76":{"start":{"line":234,"column":12},"end":{"line":234,"column":18}},"77":{"start":{"line":237,"column":12},"end":{"line":237,"column":31}},"78":{"start":{"line":238,"column":12},"end":{"line":238,"column":49}},"79":{"start":{"line":239,"column":12},"end":{"line":241,"column":15}},"80":{"start":{"line":245,"column":12},"end":{"line":245,"column":36}},"81":{"start":{"line":251,"column":2},"end":{"line":253,"column":4}},"82":{"start":{"line":252,"column":4},"end":{"line":252,"column":40}},"83":{"start":{"line":301,"column":0},"end":{"line":358,"column":5}},"84":{"start":{"line":302,"column":14},"end":{"line":353,"column":5}},"85":{"start":{"line":304,"column":4},"end":{"line":352,"column":34}},"86":{"start":{"line":305,"column":6},"end":{"line":351,"column":7}},"87":{"start":{"line":306,"column":8},"end":{"line":350,"column":9}},"88":{"start":{"line":308,"column":12},"end":{"line":308,"column":31}},"89":{"start":{"line":309,"column":12},"end":{"line":309,"column":31}},"90":{"start":{"line":310,"column":12},"end":{"line":312,"column":15}},"91":{"start":{"line":315,"column":12},"end":{"line":315,"column":37}},"92":{"start":{"line":317,"column":12},"end":{"line":320,"column":13}},"93":{"start":{"line":318,"column":14},"end":{"line":318,"column":34}},"94":{"start":{"line":319,"column":14},"end":{"line":319,"column":20}},"95":{"start":{"line":322,"column":12},"end":{"line":322,"column":79}},"96":{"start":{"line":323,"column":12},"end":{"line":323,"column":31}},"97":{"start":{"line":324,"column":12},"end":{"line":324,"column":34}},"98":{"start":{"line":327,"column":12},"end":{"line":329,"column":16}},"99":{"start":{"line":332,"column":12},"end":{"line":334,"column":16}},"100":{"start":{"line":337,"column":12},"end":{"line":337,"column":32}},"101":{"start":{"line":338,"column":12},"end":{"line":338,"column":18}},"102":{"start":{"line":341,"column":12},"end":{"line":341,"column":32}},"103":{"start":{"line":342,"column":12},"end":{"line":342,"column":49}},"104":{"start":{"line":343,"column":12},"end":{"line":345,"column":16}},"105":{"start":{"line":349,"column":12},"end":{"line":349,"column":36}},"106":{"start":{"line":355,"column":2},"end":{"line":357,"column":4}},"107":{"start":{"line":356,"column":4},"end":{"line":356,"column":40}},"108":{"start":{"line":384,"column":0},"end":{"line":444,"column":5}},"109":{"start":{"line":385,"column":14},"end":{"line":439,"column":5}},"110":{"start":{"line":387,"column":4},"end":{"line":438,"column":34}},"111":{"start":{"line":388,"column":6},"end":{"line":437,"column":7}},"112":{"start":{"line":389,"column":8},"end":{"line":436,"column":9}},"113":{"start":{"line":391,"column":12},"end":{"line":391,"column":31}},"114":{"start":{"line":392,"column":12},"end":{"line":392,"column":31}},"115":{"start":{"line":393,"column":12},"end":{"line":395,"column":15}},"116":{"start":{"line":398,"column":12},"end":{"line":398,"column":41}},"117":{"start":{"line":400,"column":12},"end":{"line":403,"column":13}},"118":{"start":{"line":401,"column":14},"end":{"line":401,"column":34}},"119":{"start":{"line":402,"column":14},"end":{"line":402,"column":20}},"120":{"start":{"line":405,"column":12},"end":{"line":405,"column":31}},"121":{"start":{"line":406,"column":12},"end":{"line":408,"column":15}},"122":{"start":{"line":411,"column":12},"end":{"line":413,"column":15}},"123":{"start":{"line":414,"column":12},"end":{"line":414,"column":32}},"124":{"start":{"line":415,"column":12},"end":{"line":415,"column":18}},"125":{"start":{"line":418,"column":12},"end":{"line":420,"column":15}},"126":{"start":{"line":423,"column":12},"end":{"line":423,"column":32}},"127":{"start":{"line":424,"column":12},"end":{"line":424,"column":18}},"128":{"start":{"line":427,"column":12},"end":{"line":427,"column":32}},"129":{"start":{"line":428,"column":12},"end":{"line":428,"column":49}},"130":{"start":{"line":429,"column":12},"end":{"line":431,"column":15}},"131":{"start":{"line":435,"column":12},"end":{"line":435,"column":36}},"132":{"start":{"line":441,"column":2},"end":{"line":443,"column":4}},"133":{"start":{"line":442,"column":4},"end":{"line":442,"column":40}},"134":{"start":{"line":445,"column":0},"end":{"line":521,"column":5}},"135":{"start":{"line":446,"column":14},"end":{"line":516,"column":5}},"136":{"start":{"line":448,"column":4},"end":{"line":515,"column":34}},"137":{"start":{"line":449,"column":6},"end":{"line":514,"column":7}},"138":{"start":{"line":450,"column":8},"end":{"line":513,"column":9}},"139":{"start":{"line":452,"column":12},"end":{"line":452,"column":31}},"140":{"start":{"line":453,"column":12},"end":{"line":453,"column":31}},"141":{"start":{"line":454,"column":12},"end":{"line":456,"column":15}},"142":{"start":{"line":459,"column":12},"end":{"line":459,"column":41}},"143":{"start":{"line":461,"column":12},"end":{"line":464,"column":13}},"144":{"start":{"line":462,"column":14},"end":{"line":462,"column":34}},"145":{"start":{"line":463,"column":14},"end":{"line":463,"column":20}},"146":{"start":{"line":466,"column":12},"end":{"line":466,"column":31}},"147":{"start":{"line":467,"column":12},"end":{"line":469,"column":15}},"148":{"start":{"line":472,"column":12},"end":{"line":472,"column":37}},"149":{"start":{"line":474,"column":12},"end":{"line":476,"column":13}},"150":{"start":{"line":475,"column":14},"end":{"line":475,"column":49}},"151":{"start":{"line":478,"column":12},"end":{"line":480,"column":13}},"152":{"start":{"line":479,"column":14},"end":{"line":479,"column":49}},"153":{"start":{"line":482,"column":12},"end":{"line":484,"column":13}},"154":{"start":{"line":483,"column":14},"end":{"line":483,"column":45}},"155":{"start":{"line":486,"column":12},"end":{"line":486,"column":32}},"156":{"start":{"line":487,"column":12},"end":{"line":487,"column":34}},"157":{"start":{"line":490,"column":12},"end":{"line":490,"column":42}},"158":{"start":{"line":491,"column":12},"end":{"line":491,"column":32}},"159":{"start":{"line":492,"column":12},"end":{"line":492,"column":18}},"160":{"start":{"line":495,"column":12},"end":{"line":497,"column":15}},"161":{"start":{"line":500,"column":12},"end":{"line":500,"column":32}},"162":{"start":{"line":501,"column":12},"end":{"line":501,"column":18}},"163":{"start":{"line":504,"column":12},"end":{"line":504,"column":32}},"164":{"start":{"line":505,"column":12},"end":{"line":505,"column":49}},"165":{"start":{"line":506,"column":12},"end":{"line":508,"column":15}},"166":{"start":{"line":512,"column":12},"end":{"line":512,"column":36}},"167":{"start":{"line":518,"column":2},"end":{"line":520,"column":4}},"168":{"start":{"line":519,"column":4},"end":{"line":519,"column":40}},"169":{"start":{"line":522,"column":0},"end":{"line":522,"column":24}}},"fnMap":{"0":{"name":"_interopRequireDefault","decl":{"start":{"line":7,"column":9},"end":{"line":7,"column":31}},"loc":{"start":{"line":7,"column":37},"end":{"line":7,"column":97}},"line":7},"1":{"name":"asyncGeneratorStep","decl":{"start":{"line":9,"column":9},"end":{"line":9,"column":27}},"loc":{"start":{"line":9,"column":75},"end":{"line":9,"column":265}},"line":9},"2":{"name":"_asyncToGenerator","decl":{"start":{"line":11,"column":9},"end":{"line":11,"column":26}},"loc":{"start":{"line":11,"column":31},"end":{"line":11,"column":389}},"line":11},"3":{"name":"(anonymous_3)","decl":{"start":{"line":11,"column":40},"end":{"line":11,"column":41}},"loc":{"start":{"line":11,"column":52},"end":{"line":11,"column":386}},"line":11},"4":{"name":"(anonymous_4)","decl":{"start":{"line":11,"column":108},"end":{"line":11,"column":109}},"loc":{"start":{"line":11,"column":135},"end":{"line":11,"column":382}},"line":11},"5":{"name":"_next","decl":{"start":{"line":11,"column":178},"end":{"line":11,"column":183}},"loc":{"start":{"line":11,"column":191},"end":{"line":11,"column":266}},"line":11},"6":{"name":"_throw","decl":{"start":{"line":11,"column":276},"end":{"line":11,"column":282}},"loc":{"start":{"line":11,"column":288},"end":{"line":11,"column":362}},"line":11},"7":{"name":"(anonymous_7)","decl":{"start":{"line":61,"column":29},"end":{"line":61,"column":30}},"loc":{"start":{"line":61,"column":41},"end":{"line":96,"column":1}},"line":61},"8":{"name":"_callee","decl":{"start":{"line":62,"column":78},"end":{"line":62,"column":85}},"loc":{"start":{"line":62,"column":96},"end":{"line":91,"column":3}},"line":62},"9":{"name":"_callee$","decl":{"start":{"line":64,"column":44},"end":{"line":64,"column":52}},"loc":{"start":{"line":64,"column":63},"end":{"line":90,"column":5}},"line":64},"10":{"name":"(anonymous_10)","decl":{"start":{"line":93,"column":9},"end":{"line":93,"column":10}},"loc":{"start":{"line":93,"column":28},"end":{"line":95,"column":3}},"line":93},"11":{"name":"(anonymous_11)","decl":{"start":{"line":122,"column":32},"end":{"line":122,"column":33}},"loc":{"start":{"line":122,"column":44},"end":{"line":167,"column":1}},"line":122},"12":{"name":"_callee2","decl":{"start":{"line":123,"column":79},"end":{"line":123,"column":87}},"loc":{"start":{"line":123,"column":98},"end":{"line":162,"column":3}},"line":123},"13":{"name":"_callee2$","decl":{"start":{"line":125,"column":44},"end":{"line":125,"column":53}},"loc":{"start":{"line":125,"column":65},"end":{"line":161,"column":5}},"line":125},"14":{"name":"(anonymous_14)","decl":{"start":{"line":164,"column":9},"end":{"line":164,"column":10}},"loc":{"start":{"line":164,"column":29},"end":{"line":166,"column":3}},"line":164},"15":{"name":"(anonymous_15)","decl":{"start":{"line":208,"column":110},"end":{"line":208,"column":111}},"loc":{"start":{"line":208,"column":122},"end":{"line":254,"column":1}},"line":208},"16":{"name":"_callee3","decl":{"start":{"line":209,"column":79},"end":{"line":209,"column":87}},"loc":{"start":{"line":209,"column":98},"end":{"line":249,"column":3}},"line":209},"17":{"name":"_callee3$","decl":{"start":{"line":211,"column":44},"end":{"line":211,"column":53}},"loc":{"start":{"line":211,"column":65},"end":{"line":248,"column":5}},"line":211},"18":{"name":"(anonymous_18)","decl":{"start":{"line":251,"column":9},"end":{"line":251,"column":10}},"loc":{"start":{"line":251,"column":29},"end":{"line":253,"column":3}},"line":251},"19":{"name":"(anonymous_19)","decl":{"start":{"line":301,"column":114},"end":{"line":301,"column":115}},"loc":{"start":{"line":301,"column":126},"end":{"line":358,"column":1}},"line":301},"20":{"name":"_callee4","decl":{"start":{"line":302,"column":79},"end":{"line":302,"column":87}},"loc":{"start":{"line":302,"column":98},"end":{"line":353,"column":3}},"line":302},"21":{"name":"_callee4$","decl":{"start":{"line":304,"column":44},"end":{"line":304,"column":53}},"loc":{"start":{"line":304,"column":65},"end":{"line":352,"column":5}},"line":304},"22":{"name":"(anonymous_22)","decl":{"start":{"line":355,"column":9},"end":{"line":355,"column":10}},"loc":{"start":{"line":355,"column":29},"end":{"line":357,"column":3}},"line":355},"23":{"name":"(anonymous_23)","decl":{"start":{"line":384,"column":64},"end":{"line":384,"column":65}},"loc":{"start":{"line":384,"column":76},"end":{"line":444,"column":1}},"line":384},"24":{"name":"_callee5","decl":{"start":{"line":385,"column":79},"end":{"line":385,"column":87}},"loc":{"start":{"line":385,"column":98},"end":{"line":439,"column":3}},"line":385},"25":{"name":"_callee5$","decl":{"start":{"line":387,"column":44},"end":{"line":387,"column":53}},"loc":{"start":{"line":387,"column":65},"end":{"line":438,"column":5}},"line":387},"26":{"name":"(anonymous_26)","decl":{"start":{"line":441,"column":9},"end":{"line":441,"column":10}},"loc":{"start":{"line":441,"column":30},"end":{"line":443,"column":3}},"line":441},"27":{"name":"(anonymous_27)","decl":{"start":{"line":445,"column":58},"end":{"line":445,"column":59}},"loc":{"start":{"line":445,"column":70},"end":{"line":521,"column":1}},"line":445},"28":{"name":"_callee6","decl":{"start":{"line":446,"column":79},"end":{"line":446,"column":87}},"loc":{"start":{"line":446,"column":98},"end":{"line":516,"column":3}},"line":446},"29":{"name":"_callee6$","decl":{"start":{"line":448,"column":44},"end":{"line":448,"column":53}},"loc":{"start":{"line":448,"column":65},"end":{"line":515,"column":5}},"line":448},"30":{"name":"(anonymous_30)","decl":{"start":{"line":518,"column":9},"end":{"line":518,"column":10}},"loc":{"start":{"line":518,"column":31},"end":{"line":520,"column":3}},"line":518}},"branchMap":{"0":{"loc":{"start":{"line":7,"column":46},"end":{"line":7,"column":94}},"type":"cond-expr","locations":[{"start":{"line":7,"column":70},"end":{"line":7,"column":73}},{"start":{"line":7,"column":76},"end":{"line":7,"column":94}}],"line":7},"1":{"loc":{"start":{"line":7,"column":46},"end":{"line":7,"column":67}},"type":"binary-expr","locations":[{"start":{"line":7,"column":46},"end":{"line":7,"column":49}},{"start":{"line":7,"column":53},"end":{"line":7,"column":67}}],"line":7},"2":{"loc":{"start":{"line":9,"column":176},"end":{"line":9,"column":263}},"type":"if","locations":[{"start":{"line":9,"column":176},"end":{"line":9,"column":263}},{"start":{"line":9,"column":176},"end":{"line":9,"column":263}}],"line":9},"3":{"loc":{"start":{"line":66,"column":8},"end":{"line":88,"column":9}},"type":"switch","locations":[{"start":{"line":67,"column":10},"end":{"line":70,"column":36}},{"start":{"line":72,"column":10},"end":{"line":76,"column":18}},{"start":{"line":78,"column":10},"end":{"line":83,"column":15}},{"start":{"line":85,"column":10},"end":{"line":85,"column":18}},{"start":{"line":86,"column":10},"end":{"line":87,"column":35}}],"line":66},"4":{"loc":{"start":{"line":127,"column":8},"end":{"line":159,"column":9}},"type":"switch","locations":[{"start":{"line":128,"column":10},"end":{"line":133,"column":15}},{"start":{"line":135,"column":10},"end":{"line":147,"column":18}},{"start":{"line":149,"column":10},"end":{"line":154,"column":15}},{"start":{"line":156,"column":10},"end":{"line":156,"column":18}},{"start":{"line":157,"column":10},"end":{"line":158,"column":36}}],"line":127},"5":{"loc":{"start":{"line":138,"column":12},"end":{"line":144,"column":13}},"type":"if","locations":[{"start":{"line":138,"column":12},"end":{"line":144,"column":13}},{"start":{"line":138,"column":12},"end":{"line":144,"column":13}}],"line":138},"6":{"loc":{"start":{"line":213,"column":8},"end":{"line":246,"column":9}},"type":"switch","locations":[{"start":{"line":214,"column":10},"end":{"line":222,"column":15}},{"start":{"line":224,"column":10},"end":{"line":227,"column":37}},{"start":{"line":229,"column":10},"end":{"line":234,"column":18}},{"start":{"line":236,"column":10},"end":{"line":241,"column":15}},{"start":{"line":243,"column":10},"end":{"line":243,"column":18}},{"start":{"line":244,"column":10},"end":{"line":245,"column":36}}],"line":213},"7":{"loc":{"start":{"line":306,"column":8},"end":{"line":350,"column":9}},"type":"switch","locations":[{"start":{"line":307,"column":10},"end":{"line":312,"column":15}},{"start":{"line":314,"column":10},"end":{"line":324,"column":34}},{"start":{"line":326,"column":10},"end":{"line":329,"column":16}},{"start":{"line":331,"column":10},"end":{"line":334,"column":16}},{"start":{"line":336,"column":10},"end":{"line":338,"column":18}},{"start":{"line":340,"column":10},"end":{"line":345,"column":16}},{"start":{"line":347,"column":10},"end":{"line":347,"column":18}},{"start":{"line":348,"column":10},"end":{"line":349,"column":36}}],"line":306},"8":{"loc":{"start":{"line":317,"column":12},"end":{"line":320,"column":13}},"type":"if","locations":[{"start":{"line":317,"column":12},"end":{"line":320,"column":13}},{"start":{"line":317,"column":12},"end":{"line":320,"column":13}}],"line":317},"9":{"loc":{"start":{"line":317,"column":18},"end":{"line":317,"column":74}},"type":"binary-expr","locations":[{"start":{"line":317,"column":18},"end":{"line":317,"column":43}},{"start":{"line":317,"column":47},"end":{"line":317,"column":74}}],"line":317},"10":{"loc":{"start":{"line":389,"column":8},"end":{"line":436,"column":9}},"type":"switch","locations":[{"start":{"line":390,"column":10},"end":{"line":395,"column":15}},{"start":{"line":397,"column":10},"end":{"line":408,"column":15}},{"start":{"line":410,"column":10},"end":{"line":415,"column":18}},{"start":{"line":417,"column":10},"end":{"line":420,"column":15}},{"start":{"line":422,"column":10},"end":{"line":424,"column":18}},{"start":{"line":426,"column":10},"end":{"line":431,"column":15}},{"start":{"line":433,"column":10},"end":{"line":433,"column":18}},{"start":{"line":434,"column":10},"end":{"line":435,"column":36}}],"line":389},"11":{"loc":{"start":{"line":400,"column":12},"end":{"line":403,"column":13}},"type":"if","locations":[{"start":{"line":400,"column":12},"end":{"line":403,"column":13}},{"start":{"line":400,"column":12},"end":{"line":403,"column":13}}],"line":400},"12":{"loc":{"start":{"line":450,"column":8},"end":{"line":513,"column":9}},"type":"switch","locations":[{"start":{"line":451,"column":10},"end":{"line":456,"column":15}},{"start":{"line":458,"column":10},"end":{"line":469,"column":15}},{"start":{"line":471,"column":10},"end":{"line":487,"column":34}},{"start":{"line":489,"column":10},"end":{"line":492,"column":18}},{"start":{"line":494,"column":10},"end":{"line":497,"column":15}},{"start":{"line":499,"column":10},"end":{"line":501,"column":18}},{"start":{"line":503,"column":10},"end":{"line":508,"column":15}},{"start":{"line":510,"column":10},"end":{"line":510,"column":18}},{"start":{"line":511,"column":10},"end":{"line":512,"column":36}}],"line":450},"13":{"loc":{"start":{"line":461,"column":12},"end":{"line":464,"column":13}},"type":"if","locations":[{"start":{"line":461,"column":12},"end":{"line":464,"column":13}},{"start":{"line":461,"column":12},"end":{"line":464,"column":13}}],"line":461},"14":{"loc":{"start":{"line":474,"column":12},"end":{"line":476,"column":13}},"type":"if","locations":[{"start":{"line":474,"column":12},"end":{"line":476,"column":13}},{"start":{"line":474,"column":12},"end":{"line":476,"column":13}}],"line":474},"15":{"loc":{"start":{"line":478,"column":12},"end":{"line":480,"column":13}},"type":"if","locations":[{"start":{"line":478,"column":12},"end":{"line":480,"column":13}},{"start":{"line":478,"column":12},"end":{"line":480,"column":13}}],"line":478},"16":{"loc":{"start":{"line":482,"column":12},"end":{"line":484,"column":13}},"type":"if","locations":[{"start":{"line":482,"column":12},"end":{"line":484,"column":13}},{"start":{"line":482,"column":12},"end":{"line":484,"column":13}}],"line":482}},"s":{"0":1,"1":1,"2":1,"3":0,"4":0,"5":0,"6":0,"7":0,"8":0,"9":0,"10":0,"11":6,"12":0,"13":0,"14":0,"15":0,"16":0,"17":0,"18":0,"19":1,"20":1,"21":1,"22":1,"23":1,"24":1,"25":1,"26":1,"27":0,"28":0,"29":0,"30":0,"31":0,"32":0,"33":0,"34":0,"35":0,"36":0,"37":0,"38":0,"39":0,"40":0,"41":1,"42":0,"43":1,"44":1,"45":0,"46":0,"47":0,"48":0,"49":0,"50":0,"51":0,"52":0,"53":0,"54":0,"55":0,"56":0,"57":0,"58":0,"59":0,"60":0,"61":1,"62":0,"63":1,"64":1,"65":0,"66":0,"67":0,"68":0,"69":0,"70":0,"71":0,"72":0,"73":0,"74":0,"75":0,"76":0,"77":0,"78":0,"79":0,"80":0,"81":1,"82":0,"83":1,"84":1,"85":0,"86":0,"87":0,"88":0,"89":0,"90":0,"91":0,"92":0,"93":0,"94":0,"95":0,"96":0,"97":0,"98":0,"99":0,"100":0,"101":0,"102":0,"103":0,"104":0,"105":0,"106":1,"107":0,"108":1,"109":1,"110":0,"111":0,"112":0,"113":0,"114":0,"115":0,"116":0,"117":0,"118":0,"119":0,"120":0,"121":0,"122":0,"123":0,"124":0,"125":0,"126":0,"127":0,"128":0,"129":0,"130":0,"131":0,"132":1,"133":0,"134":1,"135":1,"136":0,"137":0,"138":0,"139":0,"140":0,"141":0,"142":0,"143":0,"144":0,"145":0,"146":0,"147":0,"148":0,"149":0,"150":0,"151":0,"152":0,"153":0,"154":0,"155":0,"156":0,"157":0,"158":0,"159":0,"160":0,"161":0,"162":0,"163":0,"164":0,"165":0,"166":0,"167":1,"168":0,"169":1},"f":{"0":1,"1":0,"2":6,"3":0,"4":0,"5":0,"6":0,"7":1,"8":0,"9":0,"10":0,"11":1,"12":0,"13":0,"14":0,"15":1,"16":0,"17":0,"18":0,"19":1,"20":0,"21":0,"22":0,"23":1,"24":0,"25":0,"26":0,"27":1,"28":0,"29":0,"30":0},"b":{"0":[0,1],"1":[1,1],"2":[0,0],"3":[0,0,0,0,0],"4":[0,0,0,0,0],"5":[0,0],"6":[0,0,0,0,0,0],"7":[0,0,0,0,0,0,0,0],"8":[0,0],"9":[0,0],"10":[0,0,0,0,0,0,0,0],"11":[0,0],"12":[0,0,0,0,0,0,0,0,0],"13":[0,0],"14":[0,0],"15":[0,0],"16":[0,0]},"inputSourceMap":{"version":3,"sources":["article.js"],"names":["express","require","validateArticle","Article","router","Router","validateMiddleWare","get","req","res","find","articles","status","send","error","findOne","_id","params","id","article","post","verifyToken","heading","body","content","userId","user","image","newArticle","save","Message","patch","title","length","json","message","articleUser","deleteOne","put","module","exports"],"mappings":";;AAKA;;AACA;;;;;;;;AANA,IAAMA,OAAO,GAAGC,OAAO,CAAC,SAAD,CAAvB;;AACA,eAAoCA,OAAO,CAAC,mBAAD,CAA3C;AAAA,IAAOC,eAAP,YAAOA,eAAP;AAAA,IAAwBC,OAAxB,YAAwBA,OAAxB;;AACA,IAAMC,MAAM,GAAGJ,OAAO,CAACK,MAAR,EAAf;;AACA,IAAMC,kBAAkB,GAAGL,OAAO,CAAC,mCAAD,CAAlC;;AAKA;AACA;AACA;AACA;AACA;AACA;AACA;AACA;AACA;AACA;AACA;AACA;AACA;AACA;AACA;AACA;AACA;AACA;AACA;AACA;AACA;AACA;AACA;AACA;AACA;AACA;AACA;AACA;AACA;AACA;AACA;AACA;AACA;AACA;AACA;AACA;AACA;AACA;AAGAG,MAAM,CAACG,GAAP,CAAW,GAAX;AAAA,qEAAiB,iBAAMC,GAAN,EAAUC,GAAV;AAAA;AAAA;AAAA;AAAA;AAAA;AAAA;AAAA;AAAA,mBAEcN,OAAO,CAACO,IAAR,CAAa,EAAb,CAFd;;AAAA;AAEHC,YAAAA,QAFG;AAGTF,YAAAA,GAAG,CAACG,MAAJ,CAAW,GAAX,EAAgBC,IAAhB,CAAqBF,QAArB;AAHS;AAAA;;AAAA;AAAA;AAAA;AAKTF,YAAAA,GAAG,CAACG,MAAJ,CAAW,GAAX,EAAgBC,IAAhB,CAAqB;AAACC,cAAAA,KAAK,EAAC;AAAP,aAArB;;AALS;AAAA;AAAA;AAAA;AAAA;AAAA;AAAA,GAAjB;;AAAA;AAAA;AAAA;AAAA;AASA;AACA;AACA;AACA;AACA;AACA;AACA;AACA;AACA;AACA;AACA;AACA;AACA;AACA;AACA;AACA;AACA;AACA;AACA;AACA;AACA;AACA;AACA;AACA;;AAEAV,MAAM,CAACG,GAAP,CAAW,MAAX;AAAA,sEAAmB,kBAAOC,GAAP,EAAWC,GAAX;AAAA;AAAA;AAAA;AAAA;AAAA;AAAA;AAAA;AAAA,mBAEWN,OAAO,CAACY,OAAR,CAAgB;AAAEC,cAAAA,GAAG,EAAER,GAAG,CAACS,MAAJ,CAAWC;AAAlB,aAAhB,CAFX;;AAAA;AAELC,YAAAA,OAFK;;AAGX,gBAAIA,OAAJ,EAAa;AACTV,cAAAA,GAAG,CAACG,MAAJ,CAAW,GAAX,EAAgBC,IAAhB,CAAqBM,OAArB;AACH,aAFD,MAEK;AACDV,cAAAA,GAAG,CAACG,MAAJ,CAAW,GAAX,EAAgBC,IAAhB,CAAqB;AAACC,gBAAAA,KAAK,EAAE;AAAR,eAArB;AACH;;AAPU;AAAA;;AAAA;AAAA;AAAA;AASXL,YAAAA,GAAG,CAACG,MAAJ,CAAW,GAAX,EAAgBC,IAAhB,CAAqB;AAACC,cAAAA,KAAK,EAAE;AAAR,aAArB,EATW,CAUX;;AAVW;AAAA;AAAA;AAAA;AAAA;AAAA;AAAA,GAAnB;;AAAA;AAAA;AAAA;AAAA;AAgBA;AACA;AACA;AACA;AACA;AACA;AACA;AACA;AACA;AACA;AACA;AACA;AACA;AACA;AACA;AACA;AACA;AACA;AACA;AACA;AACA;AACA;AACA;AACA;AACA;AACA;AACA;AACA;AACA;AACA;AACA;AACA;AACA;AACA;AACA;AACA;AACA;AACA;AACA;;AAEAV,MAAM,CAACgB,IAAP,CAAY,GAAZ,EAAgBC,wBAAhB,EAA6B,oCAAmBnB,eAAnB,CAA7B;AAAA,sEAAkE,kBAAOM,GAAP,EAAWC,GAAX;AAAA;AAAA;AAAA;AAAA;AAAA;AAAA;AAAA;AAAA,mBAItC,IAAIN,OAAJ,CAAY;AAChCmB,cAAAA,OAAO,EAAGd,GAAG,CAACe,IAAJ,CAASD,OADa;AAEhCE,cAAAA,OAAO,EAAGhB,GAAG,CAACe,IAAJ,CAASC,OAFa;AAGhCC,cAAAA,MAAM,EAAEjB,GAAG,CAACkB,IAAJ,CAAS,IAAT,CAHwB;AAIhCC,cAAAA,KAAK,EAAGnB,GAAG,CAACe,IAAJ,CAASI;AAJe,aAAZ,CAJsC;;AAAA;AAIxDC,YAAAA,UAJwD;AAAA;AAAA,mBAWvDA,UAAU,CAACC,IAAX,EAXuD;;AAAA;AAa7DpB,YAAAA,GAAG,CAACG,MAAJ,CAAW,GAAX,EAAgBC,IAAhB,CAAqB;AAACiB,cAAAA,OAAO,EAAC;AAAT,aAArB;AAb6D;AAAA;;AAAA;AAAA;AAAA;AAe3DrB,YAAAA,GAAG,CAACG,MAAJ,CAAW,GAAX,EAAgBC,IAAhB,CAAqB;AAACC,cAAAA,KAAK,EAAC;AAAP,aAArB,EAf2D,CAgB9D;;AAhB8D;AAAA;AAAA;AAAA;AAAA;AAAA;AAAA,GAAlE;;AAAA;AAAA;AAAA;AAAA;AAoBA;AACA;AACA;AACA;AACA;AACA;AACA;AACA;AACA;AACA;AACA;AACA;AACA;AACA;AACA;AACA;AACA;AACA;AACA;AACA;AACA;AACA;AACA;AACA;AACA;AACA;AACA;AACA;AACA;AACA;AACA;AACA;AACA;AACA;AACA;AACA;AACA;AACA;AACA;AACA;AACA;AACA;AACA;AACA;AACA;;AACAV,MAAM,CAAC2B,KAAP,CAAa,MAAb,EAAoBV,wBAApB,EAAiC,oCAAmBnB,eAAnB,CAAjC;AAAA,sEAAsE,kBAAOM,GAAP,EAAWC,GAAX;AAAA;AAAA;AAAA;AAAA;AAAA;AAAA;AAAA;AAAA,mBAE9CN,OAAO,CAACY,OAAR,CAAgB;AAAEC,cAAAA,GAAG,EAAER,GAAG,CAACS,MAAJ,CAAWC;AAAlB,aAAhB,CAF8C;;AAAA;AAE9DC,YAAAA,OAF8D;;AAAA,kBAGhEX,GAAG,CAACe,IAAJ,CAASS,KAAT,CAAeC,MAAf,GAAwB,CAAxB,IAA6BzB,GAAG,CAACe,IAAJ,CAASC,OAAT,CAAiBS,MAAjB,GAA0B,CAHS;AAAA;AAAA;AAAA;;AAInEd,YAAAA,OAAO,CAACa,KAAR,GAAgBxB,GAAG,CAACe,IAAJ,CAASS,KAAzB,EACAb,OAAO,CAACK,OAAR,GAAkBhB,GAAG,CAACe,IAAJ,CAASC,OAD3B;AAJmE;AAAA,mBAM7DL,OAAO,CAACU,IAAR,EAN6D;;AAAA;AAAA,8CAO5DpB,GAAG,CAACG,MAAJ,CAAW,GAAX,EAAgBsB,IAAhB,CAAqB;AAACC,cAAAA,OAAO,EAAC;AAAT,aAArB,CAP4D;;AAAA;AAAA,8CAU5D1B,GAAG,CAACG,MAAJ,CAAW,GAAX,EAAgBsB,IAAhB,CAAqB;AAACC,cAAAA,OAAO,EAAC;AAAT,aAArB,CAV4D;;AAAA;AAAA;AAAA;;AAAA;AAAA;AAAA;AAAA,8CAa7D1B,GAAG,CAACG,MAAJ,CAAW,GAAX,EAAgBsB,IAAhB,CAAqB;AAACpB,cAAAA,KAAK,EAAE;AAAR,aAArB,CAb6D;;AAAA;AAAA;AAAA;AAAA;AAAA;AAAA;AAAA,GAAtE;;AAAA;AAAA;AAAA;AAAA;AAgBA;AACA;AACA;AACA;AACA;AACA;AACA;AACA;AACA;AACA;AACA;AACA;AACA;AACA;AACA;AACA;AACA;AACA;AACA;AACA;AACA;AACA;AACA;AACA;;AAEAV,MAAM,UAAN,CAAc,MAAd,EAAsBiB,wBAAtB;AAAA,sEAAmC,kBAAOb,GAAP,EAAYC,GAAZ;AAAA;AAAA;AAAA;AAAA;AAAA;AAAA;AAAA;AAAA,mBAEPN,OAAO,CAACY,OAAR,CAAgB;AAACC,cAAAA,GAAG,EAAER,GAAG,CAACS,MAAJ,CAAWC;AAAjB,aAAhB,CAFO;;AAAA;AAE3BkB,YAAAA,WAF2B;;AAAA,kBAGvB5B,GAAG,CAACkB,IAAJ,CAAS,IAAT,KAAkBU,WAAW,CAAC,QAAD,CAHN;AAAA;AAAA;AAAA;;AAAA;AAAA,mBAIjBjC,OAAO,CAACkC,SAAR,CAAkB;AAAErB,cAAAA,GAAG,EAAER,GAAG,CAACS,MAAJ,CAAWC;AAAlB,aAAlB,CAJiB;;AAAA;AAKvBT,YAAAA,GAAG,CAACG,MAAJ,CAAW,GAAX,EAAgBC,IAAhB,CAAqB;AAACiB,cAAAA,OAAO,EAAC;AAAT,aAArB;AALuB;AAAA;;AAAA;AAOvBrB,YAAAA,GAAG,CAACG,MAAJ,CAAW,GAAX,EAAgBC,IAAhB,CAAqB;AAACiB,cAAAA,OAAO,EAAC;AAAT,aAArB;;AAPuB;AAAA;AAAA;;AAAA;AAAA;AAAA;AAUjCrB,YAAAA,GAAG,CAACG,MAAJ,CAAW,GAAX,EAAgBC,IAAhB,CAAqB;AAAEC,cAAAA,KAAK,EAAE;AAAT,aAArB;;AAViC;AAAA;AAAA;AAAA;AAAA;AAAA;AAAA,GAAnC;;AAAA;AAAA;AAAA;AAAA;AAaAV,MAAM,CAACkC,GAAP,CAAW,MAAX,EAAkBjB,wBAAlB;AAAA,sEAA+B,kBAAOb,GAAP,EAAYC,GAAZ;AAAA;AAAA;AAAA;AAAA;AAAA;AAAA;AAAA;AAAA,mBAECN,OAAO,CAACY,OAAR,CAAgB;AAACC,cAAAA,GAAG,EAAER,GAAG,CAACS,MAAJ,CAAWC;AAAjB,aAAhB,CAFD;;AAAA;AAEnBkB,YAAAA,WAFmB;;AAAA,kBAGnB5B,GAAG,CAACkB,IAAJ,CAAS,IAAT,KAAkBU,WAAW,CAAC,QAAD,CAHV;AAAA;AAAA;AAAA;;AAAA;AAAA,mBAIHjC,OAAO,CAACY,OAAR,CAAgB;AAAEC,cAAAA,GAAG,EAAER,GAAG,CAACS,MAAJ,CAAWC;AAAlB,aAAhB,CAJG;;AAAA;AAInBC,YAAAA,OAJmB;;AAMnB,gBAAIX,GAAG,CAACe,IAAJ,CAASD,OAAb,EAAsB;AAClBH,cAAAA,OAAO,CAACG,OAAR,GAAkBd,GAAG,CAACe,IAAJ,CAASD,OAA3B;AACH;;AAED,gBAAId,GAAG,CAACe,IAAJ,CAASC,OAAb,EAAsB;AAClBL,cAAAA,OAAO,CAACK,OAAR,GAAkBhB,GAAG,CAACe,IAAJ,CAASC,OAA3B;AACH;;AACD,gBAAIhB,GAAG,CAACe,IAAJ,CAASI,KAAb,EAAoB;AAChBR,cAAAA,OAAO,CAACQ,KAAR,GAAgBnB,GAAG,CAACe,IAAJ,CAASI,KAAzB;AACH;;AAfkB;AAAA,mBAgBbR,OAAO,CAACU,IAAR,EAhBa;;AAAA;AAiBnBpB,YAAAA,GAAG,CAACG,MAAJ,CAAW,GAAX,EAAgBC,IAAhB,CAAqBM,OAArB;AAjBmB;AAAA;;AAAA;AAmBnBV,YAAAA,GAAG,CAACG,MAAJ,CAAW,GAAX,EAAgBC,IAAhB,CAAqB;AAACiB,cAAAA,OAAO,EAAC;AAAT,aAArB;;AAnBmB;AAAA;AAAA;;AAAA;AAAA;AAAA;AAsB7BrB,YAAAA,GAAG,CAACG,MAAJ,CAAW,GAAX,EAAgBC,IAAhB,CAAqB;AAAEC,cAAAA,KAAK,EAAE;AAAT,aAArB,EAtB6B,CAuBxB;;AAvBwB;AAAA;AAAA;AAAA;AAAA;AAAA;AAAA,GAA/B;;AAAA;AAAA;AAAA;AAAA;AA4BAyB,MAAM,CAACC,OAAP,GAAiBpC,MAAjB","sourceRoot":"/Users/andelarwanda/Documents/My-Brand/src/routes/","sourcesContent":["const express = require(\"express\");\nconst {validateArticle, Article } = require(\"../models/Article\");\nconst router = express.Router();\nconst validateMiddleWare = require('../middlewares/validateMiddleware')\n\nimport { verifyToken } from \"../controllers/verifyToken\";\nimport validateMiddleware from \"../middlewares/validateMiddleware\";\n\n/**\n * @swagger\n * security:\n *   bearerAuth: []\n * /articles:\n *   get:\n *     summary: GET a list of articles\n *     tags:\n *       - Article\n *     responses:\n *       '400':\n *         description: Bad Request \n *       '200':\n *         description: A list of queries.\n *         content:\n *           application/json:\n *             schema:\n *               type: array\n *               items:\n *                 $ref: '#/components/schemas/Article' \n * components:\n *   schemas:\n *     Article:\n *       type: object\n *       properties:\n *         heading:\n *           type: string\n *           description: heading of the article\n *           example: Manchester United boss Ralf Rangnick believes club getting better\n *         content: \n *           type: string\n *           description: Detailed contents of the article\n *           example: The Old Trafford defeat by Chris Wilder's Championship side ended any realistic hope of United winning their first domestic silverware since 2017.\n *         image:\n *           type: string\n *           description: The image in the article.\n *           example: smilingcat.png\n */\n\n\nrouter.get(\"/\",  async(req,res)=>{\n    try {\n        const articles = await Article.find({});\n        res.status(200).send(articles);\n    } catch (error){\n        res.status(404).send({error:\"Problem getting articles\"})\n    }\n})\n\n/**\n * @swagger\n * \"/articles/{articleId}\":\n *   get:\n *     summary: Find article by ID\n *     tags: \n *       - Article\n *     parameters:\n *       - name: articleId\n *         in: path\n *         required: true\n *         schema:\n *           type: string\n *         description: The Id of the article\n *     responses:\n *       \"200\":\n *         description: successful operation\n *         content:\n *           application/json:\n *             schema:\n *               $ref: \"#/components/schemas/Article\"\n *       \"404\":\n *         description: Article not found\n */\n\nrouter.get(\"/:id\", async (req,res) =>{\n    try {\n        const article = await Article.findOne({ _id: req.params.id})\n        if (article) {\n            res.status(200).send(article)   \n        }else{\n            res.status(404).send({error: \"Article doesn't exist !\"})\n        }\n    } catch (err) {\n        res.status(404).send({error: \"Article doesn't exist !\"})\n        // console.log(err)\n    }\n\n})\n\n\n/** \n* @swagger\n* /articles:\n*   post:\n*     summary: Add New Article\n*     tags:\n*       - Article\n*     parameters:\n*       - name: Title\n*         in: formData\n*         required: true\n*         schema:\n*           type: string\n*         description: The title of the Article\n*       - name: Image\n*         in: formdata\n*         required: true\n*         schema:\n*           type: file\n*         description: The Image of the Article\n*       - name: content\n*         in: formData\n*         required: true\n*         schema:\n*           type: string\n*         description: The content of the Article\n*     responses:\n*       '400':\n*         description: Bad Request \n*       '201':\n*         description: Article added.\n*         content:\n*           application/json:\n*             schema:\n*               type: object\n*               properties:\n*                 Message:\n*                   type: string\n*/\n\nrouter.post(\"/\",verifyToken, validateMiddleware(validateArticle), async (req,res) =>{\n   // console.log(req.body)\n   try {\n\n    const newArticle =await new Article({\n        heading : req.body.heading,\n        content : req.body.content,\n        userId: req.user[\"id\"],\n        image : req.body.image,\n        })\n       // console.log(req.user[\"id\"])\n     await newArticle.save();\n\n     res.status(201).send({Message:\"New Article Created\"})     \n   } catch (error){\n       res.status(400).send({error:\"There was a problem publishing the article\"})\n    //    console.log(error)\n   }\n})\n\n/** \n* @swagger\n* /articles/{articleId}:\n*   patch:\n*     summary: Update an existing article\n*     tags:\n*       - Article\n*     parameters:\n*       - name: Article Id\n*         in: formData\n*         required: true\n*         schema:\n*           type: string\n*         description: The Id of the Article\n*       - name: Image\n*         in: formdata\n*         required: true\n*         schema:\n*           type: file\n*         description: The Image of the Article\n*       - name: heading\n*         in: formData\n*         required: true\n*   
[...]
4,"column":10}},"loc":{"start":{"line":44,"column":28},"end":{"line":46,"column":3}},"line":44},"10":{"name":"(anonymous_10)","decl":{"start":{"line":81,"column":30},"end":{"line":81,"column":31}},"loc":{"start":{"line":81,"column":42},"end":{"line":156,"column":1}},"line":81},"11":{"name":"_callee2","decl":{"start":{"line":82,"column":79},"end":{"line":82,"column":87}},"loc":{"start":{"line":82,"column":98},"end":{"line":151,"column":3}},"line":82},"12":{"name":"_callee2$","decl":{"start":{"line":84,"column":44},"end":{"line":84,"column":53}},"loc":{"start":{"line":84,"column":65},"end":{"line":150,"column":5}},"line":84},"13":{"name":"(anonymous_13)","decl":{"start":{"line":121,"column":45},"end":{"line":121,"column":46}},"loc":{"start":{"line":121,"column":67},"end":{"line":126,"column":13}},"line":121},"14":{"name":"(anonymous_14)","decl":{"start":{"line":153,"column":9},"end":{"line":153,"column":10}},"loc":{"start":{"line":153,"column":29},"end":{"line":155,"column":3}},"line":153}},"branchMap":{"0":{"loc":{"start":{"line":3,"column":176},"end":{"line":3,"column":263}},"type":"if","locations":[{"start":{"line":3,"column":176},"end":{"line":3,"column":263}},{"start":{"line":3,"column":176},"end":{"line":3,"column":263}}],"line":3},"1":{"loc":{"start":{"line":25,"column":8},"end":{"line":39,"column":9}},"type":"switch","locations":[{"start":{"line":26,"column":10},"end":{"line":34,"column":13}},{"start":{"line":36,"column":10},"end":{"line":36,"column":17}},{"start":{"line":37,"column":10},"end":{"line":38,"column":35}}],"line":25},"2":{"loc":{"start":{"line":86,"column":8},"end":{"line":148,"column":9}},"type":"switch","locations":[{"start":{"line":87,"column":10},"end":{"line":91,"column":15}},{"start":{"line":93,"column":10},"end":{"line":103,"column":16}},{"start":{"line":105,"column":10},"end":{"line":108,"column":68}},{"start":{"line":110,"column":10},"end":{"line":128,"column":18}},{"start":{"line":130,"column":10},"end":{"line":131,"column":55}},{"start":{"line":133,"column":10},"end":{"line":135,"column":18}},{"start":{"line":137,"column":10},"end":{"line":143,"column":15}},{"start":{"line":145,"column":10},"end":{"line":145,"column":18}},{"start":{"line":146,"column":10},"end":{"line":147,"column":36}}],"line":86},"3":{"loc":{"start":{"line":96,"column":12},"end":{"line":99,"column":13}},"type":"if","locations":[{"start":{"line":96,"column":12},"end":{"line":99,"column":13}},{"start":{"line":96,"column":12},"end":{"line":99,"column":13}}],"line":96},"4":{"loc":{"start":{"line":111,"column":12},"end":{"line":114,"column":13}},"type":"if","locations":[{"start":{"line":111,"column":12},"end":{"line":114,"column":13}},{"start":{"line":111,"column":12},"end":{"line":114,"column":13}}],"line":111}},"s":{"0":0,"1":0,"2":0,"3":0,"4":0,"5":0,"6":0,"7":0,"8":2,"9":0,"10":0,"11":0,"12":0,"13":0,"14":0,"15":0,"16":1,"17":1,"18":1,"19":1,"20":1,"21":1,"22":1,"23":1,"24":1,"25":1,"26":0,"27":0,"28":0,"29":0,"30":0,"31":0,"32":0,"33":1,"34":0,"35":1,"36":1,"37":0,"38":0,"39":0,"40":0,"41":0,"42":0,"43":0,"44":0,"45":0,"46":0,"47":0,"48":0,"49":0,"50":0,"51":0,"52":0,"53":0,"54":0,"55":0,"56":0,"57":0,"58":0,"59":0,"60":0,"61":0,"62":0,"63":0,"64":0,"65":0,"66":1,"67":0,"68":1},"f":{"0":0,"1":2,"2":0,"3":0,"4":0,"5":0,"6":1,"7":0,"8":0,"9":0,"10":1,"11":0,"12":0,"13":0,"14":0},"b":{"0":[0,0],"1":[0,0,0],"2":[0,0,0,0,0,0,0,0,0],"3":[0,0],"4":[0,0]},"inputSourceMap":{"version":3,"sources":["login.js"],"names":["express","require","router","Router","jwt","User","validateUser","bcrypt","config","get","req","res","status","send","Message","error","post","findOne","email","body","user","compare","password","payload","id","_id","username","type","sign","secret","err","token","console","log","module","exports"],"mappings":";;;;;;AAAA,IAAMA,OAAO,GAAGC,OAAO,CAAC,SAAD,CAAvB;;AACA,IAAMC,MAAM,GAAGF,OAAO,CAACG,MAAR,EAAf;;AACA,IAAMC,GAAG,GAAGH,OAAO,CAAC,cAAD,CAAnB;;AACA,eAA4BA,OAAO,CAAC,gBAAD,CAAnC;AAAA,IAAOI,IAAP,YAAOA,IAAP;AAAA,IAAYC,YAAZ,YAAYA,YAAZ;;AACA,IAAMC,MAAM,GAAGN,OAAO,CAAC,QAAD,CAAtB;;AACA,IAAMO,MAAM,GAAGP,OAAO,CAAC,QAAD,CAAtB;;AAIAC,MAAM,CAACO,GAAP,CAAW,GAAX;AAAA,qEAAe,iBAAOC,GAAP,EAAWC,GAAX;AAAA;AAAA;AAAA;AAAA;AACZ;AACA,gBAAI;AACHA,cAAAA,GAAG,CAACC,MAAJ,CAAWC,IAAX,CAAgB;AAACC,gBAAAA,OAAO,EAAE;AAAV,eAAhB;AACA,aAFD,CAEE,OAAOC,KAAP,EAAc;AACZJ,cAAAA,GAAG,CAACC,MAAJ,CAAW,GAAX,EAAgBC,IAAhB,CAAqB,0BAArB;AACH;;AANW;AAAA;AAAA;AAAA;AAAA;AAAA;AAAA,GAAf;;AAAA;AAAA;AAAA;AAAA;AASA;AACA;AACA;AACA;AACA;AACA;AACA;AACA;AACA;AACA;AACA;AACA;AACA;AACA;AACA;AACA;AACA;AACA;AACA;AACA;AACA;AACA;AACA;AACA;AACA;AACA;AACA;AACA;AACA;AACA;AACA;AACA;;AAEAX,MAAM,CAACc,IAAP,CAAY,GAAZ;AAAA,sEAAgB,kBAAMN,GAAN,EAAUC,GAAV;AAAA;AAAA;AAAA;AAAA;AAAA;AAAA;AAAA,mBACMN,IAAI,CAACY,OAAL,CAAa;AAACC,cAAAA,KAAK,EAAER,GAAG,CAACS,IAAJ,CAASD;AAAjB,aAAb,CADN;;AAAA;AACPE,YAAAA,IADO;;AAAA,kBAGTA,IAAI,IAAI,IAHC;AAAA;AAAA;AAAA;;AAAA,8CAIFT,GAAG,CAACC,MAAJ,CAAW,GAAX,EAAgBC,IAAhB,CAAqB;AAAC,yBAAU;AAAX,aAArB,CAJE;;AAAA;AAAA;AAAA;AAAA,mBAODN,MAAM,CAACc,OAAP,CAAeX,GAAG,CAACS,IAAJ,CAASG,QAAxB,EAAkCF,IAAI,CAACE,QAAvC,CAPC;;AAAA;AAAA;AAAA;AAAA;AAAA;;AASLC,YAAAA,OATK,GASK;AAACC,cAAAA,EAAE,EAACJ,IAAI,CAACK,GAAT;AAAaC,cAAAA,QAAQ,EAACN,IAAI,CAACM,QAA3B;AAAoCC,cAAAA,IAAI,EAACP,IAAI,CAACO;AAA9C,aATL;AAURvB,YAAAA,GAAG,CAACwB,IAAJ,CAASL,OAAT,EAAiBf,MAAM,CAACqB,MAAxB,EAA+B,UAACC,GAAD,EAAKC,KAAL,EAAa;AACxCpB,cAAAA,GAAG,CAACC,MAAJ,CAAW,GAAX,EAAgBC,IAAhB,CAAqB;AAAC,yBAASkB,KAAV;AAAgBJ,gBAAAA,IAAI,EAACP,IAAI,CAACO;AAA1B,eAArB;AACH,aAFD;AAVQ;AAAA;;AAAA;AAcPhB,YAAAA,GAAG,CAACC,MAAJ,CAAW,GAAX,EAAgBC,IAAhB,CAAqB,oBAArB;;AAdO;AAAA;AAAA;;AAAA;AAAA;AAAA;AAiBTmB,YAAAA,OAAO,CAACC,GAAR;AACAtB,YAAAA,GAAG,CAACC,MAAJ,CAAW,GAAX,EAAgBC,IAAhB,CAAqB;AAACC,cAAAA,OAAO,EAAE;AAAV,aAArB;;AAlBS;AAAA;AAAA;AAAA;AAAA;AAAA;AAAA,GAAhB;;AAAA;AAAA;AAAA;AAAA;AAuBAoB,MAAM,CAACC,OAAP,GAAiBjC,MAAjB","sourceRoot":"/Users/andelarwanda/Documents/My-Brand/src/routes/","sourcesContent":["const express = require(\"express\");\nconst router = express.Router();\nconst jwt = require(\"jsonwebtoken\")\nconst {User,validateUser} = require(\"../models/User\")\nconst bcrypt = require(\"bcrypt\")\nconst config = require(\"config\");\n\n\n\nrouter.get(\"/\",async (req,res)=>{\n   // const users = await User.find()\n   try {\n    res.status.send({Message: \"This should be the login page rendered\"})       \n   } catch (error) {\n       res.status(404).send(\"Login resource not found\")\n   }\n})\n\n/**\n * @swagger\n * /login:\n *   post:\n *     summary: Login to get token\n *     tags:\n *       - Auth\n *     requestBody:\n *       required: true\n *       content:\n *         application/json:\n *             schema:\n *               type: object\n *               properties:\n *                 email:\n *                   type: string\n *                 password:\n *                   type: string  \n *     responses:\n *       '400':\n *         description: Bad Request \n *       '200':\n *         description: A list of queries.\n *         content:\n *           application/json:\n *             schema:\n *               type: object\n *               properties:\n *                 Message:\n *                   type: string\n *                 \n */\n\nrouter.post(\"/\",async(req,res)=>{\n   const user = await User.findOne({email: req.body.email})\n  \n   if (user == null) {\n       return res.status(400).send({\"Message\":\"Cannot Find User\"})\n   }\n   try {\n      if(await bcrypt.compare(req.body.password, user.password)){\n     \n     const payload = {id:user._id,username:user.username,type:user.type};\n        jwt.sign(payload,config.secret,(err,token)=>{\n            res.status(200).send({\"token\": token,type:user.type})\n        })\n      }else{\n         res.status(400).send(\"Password Incorrect\");\n      }\n   } catch (err) {\n       console.log(err)\n       res.status(405).send({Message: \"Problem with the server\"});\n   }\n\n})\n\nmodule.exports = router;"]},"_coverageSchema":"1a1c01bbd47fc00a2c39e90264f33305004495a9","hash":"cabc842ba9a4dc919c45430f56b43da7e98de4f3","contentHash":"fcd4db2592c8353ae2ee562829ca424fb513bd00aba2e18e1bc9d756cf134e28"},"/Users/andelarwanda/Documents/My-Brand/src/routes/sign-up.js":{"path":"/Users/andelarwanda/Documents/My-Brand/src/routes/sign-up.js","statementMap":{"0":{"start":{"line":3,"column":77},"end":{"line":3,"column":175}},"1":{"start":{"line":3,"column":94},"end":{"line":3,"column":107}},"2":{"start":{"line":3,"column":121},"end":{"line":3,"column":131}},"3":{"start":{"line":3,"column":151},"end":{"line":3,"column":165}},"4":{"start":{"line":3,"column":166},"end":{"line":3,"column":173}},"5":{"start":{"line":3,"column":176},"end":{"line":3,"column":263}},"6":{"start":{"line":3,"column":193},"end":{"line":3,"column":208}},"7":{"start":{"line":3,"column":218},"end":{"line":3,"column":261}},"8":{"start":{"line":5,"column":33},"end":{"line":5,"column":387}},"9":{"start":{"line":5,"column":65},"end":{"line":5,"column":69}},"10":{"start":{"line":5,"column":78},"end":{"line":5,"column":87}},"11":{"start":{"line":5,"column":89},"end":{"line":5,"column":384}},"12":{"start":{"line":5,"column":147},"end":{"line":5,"column":167}},"13":{"start":{"line":5,"column":193},"end":{"line":5,"column":264}},"14":{"start":{"line":5,"column":290},"end":{"line":5,"column":360}},"15":{"start":{"line":5,"column":363},"end":{"line":5,"column":380}},"16":{"start":{"line":7,"column":14},"end":{"line":7,"column":32}},"17":{"start":{"line":9,"column":13},"end":{"line":9,"column":29}},"18":{"start":{"line":11,"column":13},"end":{"line":11,"column":30}},"19":{"start":{"line":13,"column":15},"end":{"line":13,"column":40}},"20":{"start":{"line":14,"column":19},"end":{"line":14,"column":40}},"21":{"start":{"line":15,"column":11},"end":{"line":15,"column":24}},"22":{"start":{"line":17,"column":25},"end":{"line":17,"column":69}},"23":{"start":{"line":19,"column":0},"end":{"line":23,"column":3}},"24":{"start":{"line":20,"column":2},"end":{"line":22,"column":5}},"25":{"start":{"line":58,"column":0},"end":{"line":124,"column":5}},"26":{"start":{"line":59,"column":13},"end":{"line":119,"column":5}},"27":{"start":{"line":61,"column":4},"end":{"line":118,"column":33}},"28":{"start":{"line":62,"column":6},"end":{"line":117,"column":7}},"29":{"start":{"line":63,"column":8},"end":{"line":116,"column":9}},"30":{"start":{"line":65,"column":12},"end":{"line":65,"column":30}},"31":{"start":{"line":66,"column":12},"end":{"line":66,"column":30}},"32":{"start":{"line":67,"column":12},"end":{"line":69,"column":15}},"33":{"start":{"line":72,"column":12},"end":{"line":72,"column":38}},"34":{"start":{"line":74,"column":12},"end":{"line":77,"column":13}},"35":{"start":{"line":75,"column":14},"end":{"line":75,"column":32}},"36":{"start":{"line":76,"column":14},"end":{"line":76,"column":20}},"37":{"start":{"line":79,"column":12},"end":{"line":79,"column":90}},"38":{"start":{"line":82,"column":12},"end":{"line":82,"column":30}},"39":{"start":{"line":83,"column":12},"end":{"line":83,"column":36}},"40":{"start":{"line":86,"column":12},"end":{"line":86,"column":33}},"41":{"start":{"line":87,"column":12},"end":{"line":87,"column":31}},"42":{"start":{"line":88,"column":12},"end":{"line":88,"column":56}},"43":{"start":{"line":91,"column":12},"end":{"line":91,"column":43}},"44":{"start":{"line":92,"column":12},"end":{"line":96,"column":15}},"45":{"start":{"line":97,"column":12},"end":{"line":97,"column":31}},"46":{"start":{"line":98,"column":12},"end":{"line":98,"column":31}},"47":{"start":{"line":101,"column":12},"end":{"line":103,"column":15}},"48":{"start":{"line":104,"column":12},"end":{"line":104,"column":31}},"49":{"start":{"line":105,"column":12},"end":{"line":105,"column":18}},"50":{"start":{"line":108,"column":12},"end":{"line":108,"column":31}},"51":{"start":{"line":109,"column":12},"end":{"line":109,"column":47}},"52":{"start":{"line":111,"column":12},"end":{"line":111,"column":66}},"53":{"start":{"line":115,"column":12},"end":{"line":115,"column":35}},"54":{"start":{"line":121,"column":2},"end":{"line":123,"column":4}},"55":{"start":{"line":122,"column":4},"end":{"line":122,"column":39}},"56":{"start":{"line":125,"column":0},"end":{"line":125,"column":24}}},"fnMap":{"0":{"name":"asyncGeneratorStep","decl":{"start":{"line":3,"column":9},"end":{"line":3,"column":27}},"loc":{"start":{"line":3,"column":75},"end":{"line":3,"column":265}},"line":3},"1":{"name":"_asyncToGenerator","decl":{"start":{"line":5,"column":9},"end":{"line":5,"column":26}},"loc":{"start":{"line":5,"column":31},"end":{"line":5,"column":389}},"line":5},"2":{"name":"(anonymous_2)","decl":{"start":{"line":5,"column":40},"end":{"line":5,"column":41}},"loc":{"start":{"line":5,"column":52},"end":{"line":5,"column":386}},"line":5},"3":{"name":"(anonymous_3)","decl":{"start":{"line":5,"column":108},"end":{"line":5,"column":109}},"loc":{"start":{"line":5,"column":135},"end":{"line":5,"column":382}},"line":5},"4":{"name":"_next","decl":{"start":{"line":5,"column":178},"end":{"line":5,"column":183}},"loc":{"start":{"line":5,"column":191},"end":{"line":5,"column":266}},"line":5},"5":{"name":"_throw","decl":{"start":{"line":5,"column":276},"end":{"line":5,"column":282}},"loc":{"start":{"line":5,"column":288},"end":{"line":5,"column":362}},"line":5},"6":{"name":"(anonymous_6)","decl":{"start":{"line":19,"column":16},"end":{"line":19,"column":17}},"loc":{"start":{"line":19,"column":36},"end":{"line":23,"column":1}},"line":19},"7":{"name":"(anonymous_7)","decl":{"start":{"line":58,"column":64},"end":{"line":58,"column":65}},"loc":{"start":{"line":58,"column":76},"end":{"line":124,"column":1}},"line":58},"8":{"name":"_callee","decl":{"start":{"line":59,"column":78},"end":{"line":59,"column":85}},"loc":{"start":{"line":59,"column":96},"end":{"line":119,"column":3}},"line":59},"9":{"name":"_callee$","decl":{"start":{"line":61,"column":44},"end":{"line":61,"column":52}},"loc":{"start":{"line":61,"column":63},"end":{"line":118,"column":5}},"line":61},"10":{"name":"(anonymous_10)","decl":{"start":{"line":121,"column":9},"end":{"line":121,"column":10}},"loc":{"start":{"line":121,"column":28},"end":{"line":123,"column":3}},"line":121}},"branchMap":{"0":{"loc":{"start":{"line":3,"column":176},"end":{"line":3,"column":263}},"type":"if","locations":[{"start":{"line":3,"column":176},"end":{"line":3,"column":263}},{"start":{"line":3,"column":176},"end":{"line":3,"column":263}}],"line":3},"1":{"loc":{"start":{"line":63,"column":8},"end":{"line":116,"column":9}},"type":"switch","locations":[{"start":{"line":64,"column":10},"end":{"line":69,"column":15}},{"start":{"line":71,"column":10},"end":{"line":79,"column":90}},{"start":{"line":81,"column":10},"end":{"line":83,"column":36}},{"start":{"line":85,"column":10},"end":{"line":88,"column":56}},{"start":{"line":90,"column":10},"end":{"line":98,"column":31}},{"start":{"line":100,"column":10},"end":{"line":105,"column":18}},{"start":{"line":107,"column":10},"end":{"line":111,"column":66}},{"start":{"line":113,"column":10},"end":{"line":113,"column":18}},{"start":{"line":114,"column":10},"end":{"line":115,"column":35}}],"line":63},"2":{"loc":{"start":{"line":74,"column":12},"end":{"line":77,"column":13}},"type":"if","locations":[{"start":{"line":74,"column":12},"end":{"line":77,"column":13}},{"start":{"line":74,"column":12},"end":{"line":77,"column":13}}],"line":74}},"s":{"0":0,"1":0,"2":0,"3":0,"4":0,"5":0,"6":0,"7":0,"8":1,"9":0,"10":0,"11":0,"12":0,"13":0,"14":0,"15":0,"16":1,"17":1,"18":1,"19":1,"20":1,"21":1,"22":1,"23":1,"24":0,"25":1,"26":1,"27":0,"28":0,"29":0,"30":0,"31":0,"32":0,"33":0,"34":0,"35":0,"36":0,"37":0,"38":0,"39":0,"40":0,"41":0,"42":0,"43":0,"44":0,"45":0,"46":0,"47":0,"48":0,"49":0,"50":0,"51":0,"52":0,"53":0,"54":1,"55":0,"56":1},"f":{"0":0,"1":1,"2":0,"3":0,"4":0,"5":0,"6":0,"7":1,"8":0,"9":0,"10":0},"b":{"0":[0,0],"1":[0,0,0,0,0,0,0,0,0],"2":[0,0]},"inputSourceMap":{"version":3,"sources":["sign-up.js"],"names":["express","require","router","Router","bcrypt","validateUser","User","validateMiddleWare","get","req","res","send","Message","post","findOne","email","body","userExist","status","genSalt","salt","hash","password","hashedPassword","user","type","save","module","exports"],"mappings":";;;;;;AAAA,IAAMA,OAAO,GAAGC,OAAO,CAAC,SAAD,CAAvB;;AACA,IAAMC,MAAM,GAAGF,OAAO,CAACG,MAAR,EAAf;;AACA,IAAMC,MAAM,GAAGH,OAAO,CAAC,QAAD,CAAtB;;AAEA,eAA4BA,OAAO,CAAC,gBAAD,CAAnC;AAAA,IAAOI,YAAP,YAAOA,YAAP;AAAA,IAAoBC,IAApB,YAAoBA,IAApB;;AACA,IAAMC,kBAAkB,GAAGN,OAAO,CAAC,mCAAD,CAAlC;;AAEAC,MAAM,CAACM,GAAP,CAAW,GAAX,EAAe,UAACC,GAAD,EAAKC,GAAL,EAAW;AACtBA,EAAAA,GAAG,CAACC,IAAJ,CAAS;AAACC,IAAAA,OAAO,EAAC;AAAT,GAAT;AACH,CAFD;AAIA;AACA;AACA;AACA;AACA;AACA;AACA;AACA;AACA;AACA;AACA;AACA;AACA;AACA;AACA;AACA;AACA;AACA;AACA;AACA;AACA;AACA;AACA;AACA;AACA;AACA;AACA;AACA;AACA;AACA;AACA;AACA;AACA;;AAEAV,MAAM,CAACW,IAAP,CAAY,GAAZ,EAAiBN,kBAAkB,CAACF,YAAD,CAAnC;AAAA,qEAAmD,iBAAMI,GAAN,EAAUC,GAAV;AAAA;AAAA;AAAA;AAAA;AAAA;AAAA;AAAA;AAAA,mBAGvBJ,IAAI,CAACQ,OAAL,CAAa;AAACC,cAAAA,KAAK,EAAEN,GAAG,CAACO,IAAJ,CAASD;AAAjB,aAAb,CAHuB;;AAAA;AAGzCE,YAAAA,SAHyC;;AAAA,iBAK3CA,SAL2C;AAAA;AAAA;AAAA;;AAAA,6CAKzBP,GAAG,CAACQ,MAAJ,CAAW,GAAX,EAAgBP,IAAhB,CAAqB,qBAArB,CALyB;;AAAA;AAAA;AAAA,mBAM5BP,MAAM,CAACe,OAAP,EAN4B;;AAAA;AAMzCC,YAAAA,IANyC;AAAA;AAAA,mBAOlBhB,MAAM,CAACiB,IAAP,CAAYZ,GAAG,CAACO,IAAJ,CAASM,QAArB,EAA+BF,IAA/B,CAPkB;;AAAA;AAOzCG,YAAAA,cAPyC;AASzCC,YAAAA,IATyC,GASnC,IAAIlB,IAAJ,CAAS;AACjBS,cAAAA,KAAK,EAACN,GAAG,CAACO,IAAJ,CAASD,KADE;AAEjBO,cAAAA,QAAQ,EAACC,cAFQ;AAGjBE,cAAAA,IAAI,EAAE;AAHW,aAAT,CATmC;AAAA;AAAA,mBAexCD,IAAI,CAACE,IAAL,EAfwC;;AAAA;AAgB/ChB,YAAAA,GAAG,CAACQ,MAAJ,CAAW,GAAX,EAAgBP,IAAhB,CAAqB;AAACC,cAAAA,OAAO,EAAC;AAAT,aAArB;AAhB+C;AAAA;;AAAA;AAAA;AAAA;AAkB/C;AACAF,YAAAA,GAAG,CAACQ,MAAJ,CAAW,GAAX,EAAgBP,IAAhB,CAAqB,+BAArB;;AAnB+C;AAAA;AAAA;AAAA;AAAA;AAAA;AAAA,GAAnD;;AAAA;AAAA;AAAA;AAAA;AAwBAgB,MAAM,CAACC,OAAP,GAAiB1B,MAAjB","sourceRoot":"/Users/andelarwanda/Documents/My-Brand/src/routes/","sourcesContent":["const express = require(\"express\");\nconst router = express.Router();\nconst bcrypt = require(\"bcrypt\")\n\nconst {validateUser,User} = require(\"../models/User\")\nconst validateMiddleWare = require('../middlewares/validateMiddleware')\n\nrouter.get(\"/\",(req,res)=>{\n    res.send({Message:\"This is the sign up page\"})\n})\n\n/**\n * @swagger\n * /signup:\n *   post:\n *     summary: Register new user\n *     tags:\n *       - Auth\n *     requestBody:\n *       required: true\n *       content:\n *         application/json:\n *             schema:\n *               type: object\n *               properties:\n *                 email:\n *                   type: string\n *                 password:\n *                   type: string  \n *     responses:\n *       '400':\n *         description: Bad Request \n *       '200':\n *         description: A list of queries.\n *         content:\n *           application/json:\n *             schema:\n *               type: object\n *               properties:\n *                 token:\n *                   type: string\n *                   description: A secure token for authentication\n *                 \n */\n\nrouter.post(\"/\", validateMiddleWare(validateUser), async(req,res)=>{\ntry {    \n\n    const userExist = await User.findOne({email: req.body.email})\n    \n    if (userExist) return res.status(400).send(\"email Already Taken\")\n    const salt = await bcrypt.genSalt();\n    const hashedPassword = await bcrypt.hash(req.body.password, salt)\n\n    const user= new User({\n        email:req.body.email,\n        password:hashedPassword,\n        type: \"user\"\n    })\n\n     await user.save();\n    res.status(201).send({Message:\"User registered Successfully\"})\n} catch (error) {\n    // console.log(error)\n    res.status(500).send(\"Problem registering new users\");\n}\n\n})\n\nmodule.exports = router;"]},"_coverageSchema":"1a1c01bbd47fc00a2c39e90264f33305004495a9","hash":"d1bc9da6d0bc8bbd5dacee6869fb0435ab95e7a3","contentHash":"33168cac6f32795ecbbd1d69d5a4913f7fd300928018d241a6a40f840ecfcf0d"}}