TN:
SF:src/index.js
FN:70,(anonymous_6)
FN:70,_callee
FN:72,(anonymous_9)
FN:94,(anonymous_10)
FN:100,(anonymous_11)
FN:70,connectDB
FNF:6
FNH:5
FNDA:2,(anonymous_6)
FNDA:5,_callee
FNDA:1,(anonymous_9)
FNDA:1,(anonymous_10)
FNDA:0,(anonymous_11)
FNDA:2,connectDB
DA:1,2
DA:2,2
DA:3,2
DA:4,2
DA:5,2
DA:7,2
DA:8,2
DA:9,2
DA:10,2
DA:11,2
DA:13,2
DA:14,2
DA:17,2
DA:18,2
DA:19,2
DA:21,2
DA:60,2
DA:66,2
DA:68,2
DA:70,13
DA:74,1
DA:78,1
DA:81,1
DA:83,1
DA:84,1
DA:85,1
DA:86,1
DA:87,1
DA:89,1
DA:90,1
DA:92,1
DA:94,1
DA:95,1
DA:96,1
DA:101,0
DA:106,2
DA:107,2
LF:37
LH:36
BRDA:17,0,0,2
BRDA:17,0,1,2
BRDA:70,1,0,2
BRDA:70,1,1,1
BRDA:70,1,2,1
BRDA:95,2,0,1
BRDA:95,2,1,0
BRF:7
BRH:6
end_of_record
TN:
SF:src/buildScripts/testSetup.js
FNF:0
FNH:0
DA:1,2
DA:2,2
LF:2
LH:2
BRF:0
BRH:0
end_of_record
TN:
SF:src/controllers/verifyToken.js
FN:7,verifyToken
FN:13,(anonymous_1)
FNF:2
FNH:0
FNDA:0,verifyToken
FNDA:0,(anonymous_1)
DA:1,2
DA:3,2
DA:4,2
DA:8,0
DA:9,0
DA:10,0
DA:11,0
DA:13,0
DA:15,0
DA:16,0
DA:17,0
DA:21,0
LF:12
LH:3
BRDA:10,0,0,0
BRDA:10,0,1,0
BRDA:11,1,0,0
BRDA:11,1,1,0
BRDA:15,2,0,0
BRDA:15,2,1,0
BRF:6
BRH:0
end_of_record
TN:
SF:src/middlewares/validateMiddleware.js
FN:2,(anonymous_0)
FN:3,(anonymous_1)
FNF:2
FNH:2
FNDA:16,(anonymous_0)
FNDA:2,(anonymous_1)
DA:2,2
DA:3,16
DA:4,2
DA:5,2
DA:8,2
LF:5
LH:5
BRDA:5,0,0,1
BRDA:5,0,1,1
BRF:2
BRH:2
end_of_record
TN:
SF:src/models/Article.js
FN:18,validateArticle
FNF:1
FNH:0
FNDA:0,validateArticle
DA:1,2
DA:2,2
DA:5,2
DA:16,2
DA:18,2
DA:19,0
DA:25,0
DA:28,2
LF:8
LH:6
BRF:0
BRH:0
end_of_record
TN:
SF:src/models/Comment.js
FN:15,validateComment
FNF:1
FNH:0
FNDA:0,validateComment
DA:1,2
DA:2,2
DA:4,2
DA:13,2
DA:15,2
DA:16,0
DA:20,0
DA:23,2
LF:8
LH:6
BRF:0
BRH:0
end_of_record
TN:
SF:src/models/Dislike.js
FN:14,validateDislike
FNF:1
FNH:0
FNDA:0,validateDislike
DA:1,2
DA:2,2
DA:4,2
DA:12,2
DA:14,2
DA:15,0
DA:18,0
DA:21,2
LF:8
LH:6
BRF:0
BRH:0
end_of_record
TN:
SF:src/models/Like.js
FN:15,validateLike
FNF:1
FNH:0
FNDA:0,validateLike
DA:1,2
DA:2,2
DA:4,2
DA:13,2
DA:15,2
DA:16,0
DA:19,0
DA:22,2
LF:8
LH:6
BRF:0
BRH:0
end_of_record
TN:
SF:src/models/Query.js
FN:19,validateQuery
FNF:1
FNH:0
FNDA:0,validateQuery
DA:1,2
DA:2,2
DA:4,2
DA:17,2
DA:19,2
DA:20,0
DA:27,0
DA:30,2
LF:8
LH:6
BRF:0
BRH:0
end_of_record
TN:
SF:src/models/User.js
FN:15,validateUser
FNF:1
FNH:1
FNDA:2,validateUser
DA:1,2
DA:2,2
DA:4,2
DA:13,2
DA:15,2
DA:16,2
DA:21,2
DA:24,2
LF:8
LH:8
BRF:0
BRH:0
end_of_record
TN:
SF:src/routes/api.js
FN:12,(anonymous_6)
FN:12,_callee
FNF:2
FNH:1
FNDA:2,(anonymous_6)
FNDA:0,_callee
DA:1,2
DA:2,2
DA:3,2
DA:5,2
DA:6,2
DA:8,2
DA:12,6
DA:13,0
DA:14,0
DA:16,0
DA:21,2
LF:11
LH:8
BRDA:12,0,0,0
BRDA:12,0,1,0
BRDA:12,0,2,0
BRF:3
BRH:0
end_of_record
TN:
SF:src/routes/article.js
FN:49,(anonymous_7)
FN:49,_callee
FN:83,(anonymous_11)
FN:83,_callee2
FN:139,(anonymous_15)
FN:139,_callee3
FN:204,(anonymous_19)
FN:204,_callee4
FN:245,(anonymous_23)
FN:245,_callee5
FN:258,(anonymous_27)
FN:258,_callee6
FNF:12
FNH:6
FNDA:2,(anonymous_7)
FNDA:0,_callee
FNDA:2,(anonymous_11)
FNDA:0,_callee2
FNDA:2,(anonymous_15)
FNDA:0,_callee3
FNDA:2,(anonymous_19)
FNDA:0,_callee4
FNDA:2,(anonymous_23)
FNDA:0,_callee5
FNDA:2,(anonymous_27)
FNDA:0,_callee6
DA:1,2
DA:2,2
DA:3,2
DA:4,2
DA:6,2
DA:7,2
DA:49,6
DA:51,0
DA:52,0
DA:54,0
DA:83,6
DA:85,0
DA:86,0
DA:87,0
DA:89,0
DA:92,0
DA:139,6
DA:143,0
DA:152,0
DA:154,0
DA:204,6
DA:206,0
DA:208,0
DA:245,6
DA:247,0
DA:250,0
DA:252,0
DA:255,0
DA:258,6
DA:260,0
DA:262,0
DA:264,0
DA:265,0
DA:268,0
DA:269,0
DA:271,0
DA:272,0
DA:275,0
DA:277,0
DA:280,0
DA:286,2
LF:41
LH:13
BRDA:49,0,0,0
BRDA:49,0,1,0
BRDA:49,0,2,0
BRDA:49,0,3,0
BRDA:49,0,4,0
BRDA:83,1,0,0
BRDA:83,1,1,0
BRDA:83,1,2,0
BRDA:83,1,3,0
BRDA:83,1,4,0
BRDA:86,2,0,0
BRDA:86,2,1,0
BRDA:139,3,0,0
BRDA:139,3,1,0
BRDA:139,3,2,0
BRDA:139,3,3,0
BRDA:139,3,4,0
BRDA:139,3,5,0
BRDA:204,4,0,0
BRDA:204,4,1,0
BRDA:204,4,2,0
BRDA:204,4,3,0
BRDA:204,4,4,0
BRDA:204,4,5,0
BRDA:204,4,6,0
BRDA:204,4,7,0
BRDA:204,5,0,0
BRDA:204,5,1,0
BRDA:207,6,0,0
BRDA:207,6,1,0
BRDA:245,7,0,0
BRDA:245,7,1,0
BRDA:245,7,2,0
BRDA:245,7,3,0
BRDA:245,7,4,0
BRDA:245,7,5,0
BRDA:245,7,6,0
BRDA:245,7,7,0
BRDA:245,8,0,0
BRDA:245,8,1,0
BRDA:258,9,0,0
BRDA:258,9,1,0
BRDA:258,9,2,0
BRDA:258,9,3,0
BRDA:258,9,4,0
BRDA:258,9,5,0
BRDA:258,9,6,0
BRDA:258,9,7,0
BRDA:258,9,8,0
BRDA:258,10,0,0
BRDA:258,10,1,0
BRDA:264,11,0,0
BRDA:264,11,1,0
BRDA:268,12,0,0
BRDA:268,12,1,0
BRDA:271,13,0,0
BRDA:271,13,1,0
BRF:57
BRH:0
end_of_record
TN:
SF:src/routes/comment.js
FN:46,(anonymous_7)
FN:46,_callee
FN:58,(anonymous_11)
FN:58,_callee2
FN:69,(anonymous_15)
FN:69,_callee3
FN:83,(anonymous_19)
FN:83,_callee4
FN:138,(anonymous_23)
FN:138,_callee5
FN:157,(anonymous_27)
FN:157,_callee6
FN:191,(anonymous_31)
FN:191,_callee7
FN:230,(anonymous_35)
FN:230,_callee8
FN:244,(anonymous_39)
FN:244,_callee9
FNF:18
FNH:9
FNDA:2,(anonymous_7)
FNDA:0,_callee
FNDA:2,(anonymous_11)
FNDA:0,_callee2
FNDA:2,(anonymous_15)
FNDA:0,_callee3
FNDA:2,(anonymous_19)
FNDA:0,_callee4
FNDA:2,(anonymous_23)
FNDA:0,_callee5
FNDA:2,(anonymous_27)
FNDA:0,_callee6
FNDA:2,(anonymous_31)
FNDA:0,_callee7
FNDA:2,(anonymous_35)
FNDA:0,_callee8
FNDA:2,(anonymous_39)
FNDA:0,_callee9
DA:1,2
DA:2,2
DA:3,2
DA:5,2
DA:6,2
DA:8,2
DA:9,2
DA:10,2
DA:46,6
DA:48,0
DA:49,0
DA:52,0
DA:58,6
DA:60,0
DA:62,0
DA:64,0
DA:65,0
DA:69,6
DA:71,0
DA:72,0
DA:73,0
DA:75,0
DA:79,0
DA:83,6
DA:85,0
DA:86,0
DA:87,0
DA:88,0
DA:90,0
DA:94,0
DA:138,6
DA:141,0
DA:148,0
DA:150,0
DA:157,6
DA:160,0
DA:162,0
DA:191,6
DA:193,0
DA:194,0
DA:195,0
DA:197,0
DA:200,0
DA:230,6
DA:232,0
DA:235,0
DA:237,0
DA:240,0
DA:244,6
DA:246,0
DA:248,0
DA:250,0
DA:251,0
DA:254,0
DA:256,0
DA:259,0
DA:264,2
LF:57
LH:18
BRDA:46,0,0,0
BRDA:46,0,1,0
BRDA:46,0,2,0
BRDA:46,0,3,0
BRDA:46,0,4,0
BRDA:58,1,0,0
BRDA:58,1,1,0
BRDA:58,1,2,0
BRDA:58,1,3,0
BRDA:58,1,4,0
BRDA:69,2,0,0
BRDA:69,2,1,0
BRDA:69,2,2,0
BRDA:69,2,3,0
BRDA:69,2,4,0
BRDA:72,3,0,0
BRDA:72,3,1,0
BRDA:83,4,0,0
BRDA:83,4,1,0
BRDA:83,4,2,0
BRDA:83,4,3,0
BRDA:83,4,4,0
BRDA:86,5,0,0
BRDA:86,5,1,0
BRDA:138,6,0,0
BRDA:138,6,1,0
BRDA:138,6,2,0
BRDA:138,6,3,0
BRDA:138,6,4,0
BRDA:157,7,0,0
BRDA:157,7,1,0
BRDA:157,7,2,0
BRDA:157,7,3,0
BRDA:157,7,4,0
BRDA:191,8,0,0
BRDA:191,8,1,0
BRDA:191,8,2,0
BRDA:191,8,3,0
BRDA:191,8,4,0
BRDA:194,9,0,0
BRDA:194,9,1,0
BRDA:230,10,0,0
BRDA:230,10,1,0
BRDA:230,10,2,0
BRDA:230,10,3,0
BRDA:230,10,4,0
BRDA:230,10,5,0
BRDA:230,10,6,0
BRDA:230,10,7,0
BRDA:230,11,0,0
BRDA:230,11,1,0
BRDA:244,12,0,0
BRDA:244,12,1,0
BRDA:244,12,2,0
BRDA:244,12,3,0
BRDA:244,12,4,0
BRDA:244,12,5,0
BRDA:244,12,6,0
BRDA:244,12,7,0
BRDA:244,12,8,0
BRDA:244,13,0,0
BRDA:244,13,1,0
BRDA:250,14,0,0
BRDA:250,14,1,0
BRF:64
BRH:0
end_of_record
TN:
SF:src/routes/like.js
FN:43,(anonymous_7)
FN:43,_callee
FN:75,(anonymous_11)
FN:75,_callee2
FN:87,(anonymous_15)
FN:87,_callee3
FN:101,(anonymous_19)
FN:101,_callee4
FN:113,(anonymous_23)
FN:113,_callee5
FN:156,(anonymous_27)
FN:156,_callee6
FN:214,(anonymous_31)
FN:214,_callee7
FNF:14
FNH:7
FNDA:2,(anonymous_7)
FNDA:0,_callee
FNDA:2,(anonymous_11)
FNDA:0,_callee2
FNDA:2,(anonymous_15)
FNDA:0,_callee3
FNDA:2,(anonymous_19)
FNDA:0,_callee4
FNDA:2,(anonymous_23)
FNDA:0,_callee5
FNDA:2,(anonymous_27)
FNDA:0,_callee6
FNDA:2,(anonymous_31)
FNDA:0,_callee7
DA:1,2
DA:2,2
DA:3,2
DA:4,2
DA:6,2
DA:7,2
DA:9,2
DA:10,2
DA:43,6
DA:45,0
DA:46,0
DA:48,0
DA:75,6
DA:77,0
DA:79,0
DA:82,0
DA:87,6
DA:89,0
DA:91,0
DA:94,0
DA:101,6
DA:103,0
DA:105,0
DA:108,0
DA:113,6
DA:115,0
DA:117,0
DA:120,0
DA:156,6
DA:158,0
DA:159,0
DA:167,0
DA:173,0
DA:175,0
DA:180,0
DA:214,6
DA:217,0
DA:221,0
DA:225,0
DA:227,0
DA:234,0
DA:237,0
DA:241,2
LF:43
LH:16
BRDA:43,0,0,0
BRDA:43,0,1,0
BRDA:43,0,2,0
BRDA:43,0,3,0
BRDA:43,0,4,0
BRDA:75,1,0,0
BRDA:75,1,1,0
BRDA:75,1,2,0
BRDA:75,1,3,0
BRDA:75,1,4,0
BRDA:87,2,0,0
BRDA:87,2,1,0
BRDA:87,2,2,0
BRDA:87,2,3,0
BRDA:87,2,4,0
BRDA:101,3,0,0
BRDA:101,3,1,0
BRDA:101,3,2,0
BRDA:101,3,3,0
BRDA:101,3,4,0
BRDA:113,4,0,0
BRDA:113,4,1,0
BRDA:113,4,2,0
BRDA:113,4,3,0
BRDA:113,4,4,0
BRDA:156,5,0,0
BRDA:156,5,1,0
BRDA:156,5,2,0
BRDA:156,5,3,0
BRDA:156,5,4,0
BRDA:156,5,5,0
BRDA:156,5,6,0
BRDA:156,5,7,0
BRDA:156,5,8,0
BRDA:156,5,9,0
BRDA:156,5,10,0
BRDA:156,6,0,0
BRDA:156,6,1,0
BRDA:214,7,0,0
BRDA:214,7,1,0
BRDA:214,7,2,0
BRDA:214,7,3,0
BRDA:214,7,4,0
BRDA:214,7,5,0
BRDA:214,7,6,0
BRDA:214,7,7,0
BRDA:214,7,8,0
BRDA:214,8,0,0
BRDA:214,8,1,0
BRF:49
BRH:0
end_of_record
TN:
SF:src/routes/login.js
FN:10,(anonymous_6)
FN:10,_callee
FN:52,(anonymous_10)
FN:52,_callee2
FN:62,(anonymous_13)
FNF:5
FNH:4
FNDA:2,(anonymous_6)
FNDA:0,_callee
FNDA:4,(anonymous_10)
FNDA:7,_callee2
FNDA:1,(anonymous_13)
DA:1,2
DA:2,2
DA:3,2
DA:4,2
DA:5,2
DA:6,2
DA:10,6
DA:12,0
DA:13,0
DA:15,0
DA:52,32
DA:53,1
DA:61,1
DA:62,1
DA:63,1
DA:66,0
DA:69,0
DA:70,0
DA:75,2
LF:19
LH:13
BRDA:10,0,0,0
BRDA:10,0,1,0
BRDA:10,0,2,0
BRDA:52,1,0,2
BRDA:52,1,1,1
BRDA:52,1,2,1
BRDA:52,1,3,1
BRDA:52,1,4,0
BRDA:52,1,5,1
BRDA:52,1,6,0
BRDA:52,1,7,1
BRDA:52,1,8,2
BRDA:52,2,0,1
BRDA:52,2,1,1
BRF:14
BRH:9
end_of_record
TN:
SF:src/routes/query.js
FN:62,(anonymous_6)
FN:62,_callee
FN:98,(anonymous_10)
FN:98,_callee2
FN:139,(anonymous_14)
FN:139,_callee3
FN:180,(anonymous_18)
FN:180,_callee4
FN:194,(anonymous_22)
FN:194,_callee5
FNF:10
FNH:5
FNDA:2,(anonymous_6)
FNDA:0,_callee
FNDA:2,(anonymous_10)
FNDA:0,_callee2
FNDA:2,(anonymous_14)
FNDA:0,_callee3
FNDA:2,(anonymous_18)
FNDA:0,_callee4
FNDA:2,(anonymous_22)
FNDA:0,_callee5
DA:1,2
DA:2,2
DA:3,2
DA:5,2
DA:7,2
DA:8,2
DA:62,6
DA:64,0
DA:65,0
DA:66,0
DA:68,0
DA:98,6
DA:100,0
DA:108,0
DA:110,0
DA:111,0
DA:139,6
DA:141,0
DA:142,0
DA:143,0
DA:145,0
DA:148,0
DA:180,6
DA:182,0
DA:185,0
DA:187,0
DA:190,0
DA:194,6
DA:196,0
DA:198,0
DA:200,0
DA:201,0
DA:204,0
DA:205,0
DA:207,0
DA:208,0
DA:210,0
DA:211,0
DA:214,0
DA:216,0
DA:219,0
DA:223,2
LF:42
LH:12
BRDA:62,0,0,0
BRDA:62,0,1,0
BRDA:62,0,2,0
BRDA:62,0,3,0
BRDA:62,0,4,0
BRDA:98,1,0,0
BRDA:98,1,1,0
BRDA:98,1,2,0
BRDA:98,1,3,0
BRDA:98,1,4,0
BRDA:139,2,0,0
BRDA:139,2,1,0
BRDA:139,2,2,0
BRDA:139,2,3,0
BRDA:139,2,4,0
BRDA:142,3,0,0
BRDA:142,3,1,0
BRDA:180,4,0,0
BRDA:180,4,1,0
BRDA:180,4,2,0
BRDA:180,4,3,0
BRDA:180,4,4,0
BRDA:180,4,5,0
BRDA:180,4,6,0
BRDA:180,4,7,0
BRDA:180,5,0,0
BRDA:180,5,1,0
BRDA:194,6,0,0
BRDA:194,6,1,0
BRDA:194,6,2,0
BRDA:194,6,3,0
BRDA:194,6,4,0
BRDA:194,6,5,0
BRDA:194,6,6,0
BRDA:194,6,7,0
BRDA:194,6,8,0
BRDA:194,7,0,0
BRDA:194,7,1,0
BRDA:200,8,0,0
BRDA:200,8,1,0
BRDA:204,9,0,0
BRDA:204,9,1,0
BRDA:207,10,0,0
BRDA:207,10,1,0
BRDA:210,11,0,0
BRDA:210,11,1,0
BRF:46
BRH:0
end_of_record
TN:
SF:src/routes/sign-up.js
FN:8,(anonymous_6)
FN:46,(anonymous_7)
FN:46,_callee
FNF:3
FNH:2
FNDA:0,(anonymous_6)
FNDA:4,(anonymous_7)
FNDA:8,_callee
DA:1,2
DA:2,2
DA:3,2
DA:5,2
DA:6,2
DA:8,2
DA:9,0
DA:46,34
DA:49,1
DA:52,1
DA:53,1
DA:55,1
DA:62,1
DA:65,0
DA:70,2
LF:15
LH:13
BRDA:46,0,0,2
BRDA:46,0,1,1
BRDA:46,0,2,1
BRDA:46,0,3,1
BRDA:46,0,4,1
BRDA:46,0,5,1
BRDA:46,0,6,0
BRDA:46,0,7,1
BRDA:46,0,8,1
BRDA:46,1,0,1
BRDA:46,1,1,0
BRF:11
BRH:9
end_of_record
